[2023-12-23T11:48:20.601+0000] {taskinstance.py:1957} INFO - Dependencies all met for dep_context=non-requeueable deps ti=<TaskInstance: dag_to_dum_raw_data_to_postgres.create_postgres_table scheduled__2003-12-16T00:00:00+00:00 [queued]>
[2023-12-23T11:48:20.616+0000] {taskinstance.py:1957} INFO - Dependencies all met for dep_context=requeueable deps ti=<TaskInstance: dag_to_dum_raw_data_to_postgres.create_postgres_table scheduled__2003-12-16T00:00:00+00:00 [queued]>
[2023-12-23T11:48:20.616+0000] {taskinstance.py:2171} INFO - Starting attempt 1 of 6
[2023-12-23T11:48:20.686+0000] {taskinstance.py:2192} INFO - Executing <Task(PostgresOperator): create_postgres_table> on 2003-12-16 00:00:00+00:00
[2023-12-23T11:48:20.692+0000] {standard_task_runner.py:60} INFO - Started process 1411 to run task
[2023-12-23T11:48:20.697+0000] {standard_task_runner.py:87} INFO - Running: ['***', 'tasks', 'run', 'dag_to_dum_raw_data_to_postgres', 'create_postgres_table', 'scheduled__2003-12-16T00:00:00+00:00', '--job-id', '427', '--raw', '--subdir', 'DAGS_FOLDER/dump_raw_data_to_postgres.py', '--cfg-path', '/tmp/tmpt1xsuo5o']
[2023-12-23T11:48:20.705+0000] {standard_task_runner.py:88} INFO - Job 427: Subtask create_postgres_table
[2023-12-23T11:48:20.802+0000] {task_command.py:423} INFO - Running <TaskInstance: dag_to_dum_raw_data_to_postgres.create_postgres_table scheduled__2003-12-16T00:00:00+00:00 [running]> on host 3d316bc74082
[2023-12-23T11:48:21.016+0000] {taskinstance.py:2481} INFO - Exporting env vars: AIRFLOW_CTX_DAG_OWNER='10 academy' AIRFLOW_CTX_DAG_ID='dag_to_dum_raw_data_to_postgres' AIRFLOW_CTX_TASK_ID='create_postgres_table' AIRFLOW_CTX_EXECUTION_DATE='2003-12-16T00:00:00+00:00' AIRFLOW_CTX_TRY_NUMBER='1' AIRFLOW_CTX_DAG_RUN_ID='scheduled__2003-12-16T00:00:00+00:00'
[2023-12-23T11:48:21.017+0000] {sql.py:276} INFO - Executing: 
            create table if not exists raw_vehicle (
                track_id SERIAL PRIMARY KEY,
                type VARCHAR(255),
                traveled_d FLOAT,
                avg_speed FLOAT
            )
        
[2023-12-23T11:48:21.034+0000] {base.py:83} INFO - Using connection ID 'week_two_dwh' for task execution.
[2023-12-23T11:48:21.053+0000] {base.py:83} INFO - Using connection ID 'week_two_dwh' for task execution.
[2023-12-23T11:48:21.072+0000] {sql.py:432} INFO - Running statement: 
            create table if not exists raw_vehicle (
                track_id SERIAL PRIMARY KEY,
                type VARCHAR(255),
                traveled_d FLOAT,
                avg_speed FLOAT
            )
        , parameters: None
[2023-12-23T11:48:21.106+0000] {taskinstance.py:1138} INFO - Marking task as SUCCESS. dag_id=dag_to_dum_raw_data_to_postgres, task_id=create_postgres_table, execution_date=20031216T000000, start_date=20231223T114820, end_date=20231223T114821
[2023-12-23T11:48:21.161+0000] {local_task_job_runner.py:234} INFO - Task exited with return code 0
[2023-12-23T11:48:21.195+0000] {taskinstance.py:3281} INFO - 0 downstream tasks scheduled from follow-on schedule check
