[2023-12-23T13:43:11.874+0000] {taskinstance.py:1957} INFO - Dependencies all met for dep_context=non-requeueable deps ti=<TaskInstance: dag_to_dum_raw_data_to_postgres.create_raw_data_storing_tables manual__2023-12-23T13:38:08.712123+00:00 [queued]>
[2023-12-23T13:43:11.887+0000] {taskinstance.py:1957} INFO - Dependencies all met for dep_context=requeueable deps ti=<TaskInstance: dag_to_dum_raw_data_to_postgres.create_raw_data_storing_tables manual__2023-12-23T13:38:08.712123+00:00 [queued]>
[2023-12-23T13:43:11.888+0000] {taskinstance.py:2171} INFO - Starting attempt 2 of 6
[2023-12-23T13:43:12.049+0000] {taskinstance.py:2192} INFO - Executing <Task(PostgresOperator): create_raw_data_storing_tables> on 2023-12-23 13:38:08.712123+00:00
[2023-12-23T13:43:12.058+0000] {standard_task_runner.py:60} INFO - Started process 324 to run task
[2023-12-23T13:43:12.065+0000] {standard_task_runner.py:87} INFO - Running: ['***', 'tasks', 'run', 'dag_to_dum_raw_data_to_postgres', 'create_raw_data_storing_tables', 'manual__2023-12-23T13:38:08.712123+00:00', '--job-id', '1225', '--raw', '--subdir', 'DAGS_FOLDER/dump_raw_data_to_postgres.py', '--cfg-path', '/tmp/tmpw7fyjzzy']
[2023-12-23T13:43:12.069+0000] {standard_task_runner.py:88} INFO - Job 1225: Subtask create_raw_data_storing_tables
[2023-12-23T13:43:12.144+0000] {task_command.py:423} INFO - Running <TaskInstance: dag_to_dum_raw_data_to_postgres.create_raw_data_storing_tables manual__2023-12-23T13:38:08.712123+00:00 [running]> on host 51dca2e3ed8e
[2023-12-23T13:43:12.255+0000] {taskinstance.py:2481} INFO - Exporting env vars: AIRFLOW_CTX_DAG_OWNER='10 academy' AIRFLOW_CTX_DAG_ID='dag_to_dum_raw_data_to_postgres' AIRFLOW_CTX_TASK_ID='create_raw_data_storing_tables' AIRFLOW_CTX_EXECUTION_DATE='2023-12-23T13:38:08.712123+00:00' AIRFLOW_CTX_TRY_NUMBER='2' AIRFLOW_CTX_DAG_RUN_ID='manual__2023-12-23T13:38:08.712123+00:00'
[2023-12-23T13:43:12.257+0000] {sql.py:276} INFO - Executing: create table if not exists raw_vehicle (
    track_id SERIAL PRIMARY KEY,
    type VARCHAR(255),
    traveled_d FLOAT,
    avg_speed FLOAT
);
create table if not exists raw_vehicle_trajectory(
    id SERIAL PRIMARY KEY,
    lat FLOAT,
    lon FLOAT,
    speed FLOAT,
    lon_acc FLOAT,
    lat_acc FLOAT,
    time FLOAT,
    track_id INTEGER REFERENCES raw_vehicle(track_id)
);

-- create type if not exists status_enum AS ENUM ('completed', 'failed');

create table if not exists csv_file_name(
    id  SERIAL PRIMARY KEY,
    name VARCHAR(500),
    status VARCHAR(100)
)
[2023-12-23T13:43:12.268+0000] {base.py:83} INFO - Using connection ID 'week_two_dwh' for task execution.
[2023-12-23T13:43:12.279+0000] {base.py:83} INFO - Using connection ID 'week_two_dwh' for task execution.
[2023-12-23T13:43:12.288+0000] {sql.py:432} INFO - Running statement: create table if not exists raw_vehicle (
    track_id SERIAL PRIMARY KEY,
    type VARCHAR(255),
    traveled_d FLOAT,
    avg_speed FLOAT
);
create table if not exists raw_vehicle_trajectory(
    id SERIAL PRIMARY KEY,
    lat FLOAT,
    lon FLOAT,
    speed FLOAT,
    lon_acc FLOAT,
    lat_acc FLOAT,
    time FLOAT,
    track_id INTEGER REFERENCES raw_vehicle(track_id)
);

-- create type if not exists status_enum AS ENUM ('completed', 'failed');

create table if not exists csv_file_name(
    id  SERIAL PRIMARY KEY,
    name VARCHAR(500),
    status VARCHAR(100)
), parameters: None
[2023-12-23T13:43:12.300+0000] {taskinstance.py:1138} INFO - Marking task as SUCCESS. dag_id=dag_to_dum_raw_data_to_postgres, task_id=create_raw_data_storing_tables, execution_date=20231223T133808, start_date=20231223T134311, end_date=20231223T134312
[2023-12-23T13:43:12.358+0000] {local_task_job_runner.py:234} INFO - Task exited with return code 0
[2023-12-23T13:43:12.381+0000] {taskinstance.py:3281} INFO - 1 downstream tasks scheduled from follow-on schedule check
