[2023-12-23T12:09:29.384+0000] {taskinstance.py:1957} INFO - Dependencies all met for dep_context=non-requeueable deps ti=<TaskInstance: dag_to_dum_raw_data_to_postgres.create_raw_data_storing_tables manual__2023-12-23T12:09:28.053307+00:00 [queued]>
[2023-12-23T12:09:29.408+0000] {taskinstance.py:1957} INFO - Dependencies all met for dep_context=requeueable deps ti=<TaskInstance: dag_to_dum_raw_data_to_postgres.create_raw_data_storing_tables manual__2023-12-23T12:09:28.053307+00:00 [queued]>
[2023-12-23T12:09:29.410+0000] {taskinstance.py:2171} INFO - Starting attempt 1 of 6
[2023-12-23T12:09:29.466+0000] {taskinstance.py:2192} INFO - Executing <Task(PostgresOperator): create_raw_data_storing_tables> on 2023-12-23 12:09:28.053307+00:00
[2023-12-23T12:09:29.484+0000] {standard_task_runner.py:60} INFO - Started process 3263 to run task
[2023-12-23T12:09:29.503+0000] {standard_task_runner.py:87} INFO - Running: ['***', 'tasks', 'run', 'dag_to_dum_raw_data_to_postgres', 'create_raw_data_storing_tables', 'manual__2023-12-23T12:09:28.053307+00:00', '--job-id', '1202', '--raw', '--subdir', 'DAGS_FOLDER/dump_raw_data_to_postgres.py', '--cfg-path', '/tmp/tmpfohtnq05']
[2023-12-23T12:09:29.508+0000] {standard_task_runner.py:88} INFO - Job 1202: Subtask create_raw_data_storing_tables
[2023-12-23T12:09:29.606+0000] {task_command.py:423} INFO - Running <TaskInstance: dag_to_dum_raw_data_to_postgres.create_raw_data_storing_tables manual__2023-12-23T12:09:28.053307+00:00 [running]> on host 3d316bc74082
[2023-12-23T12:09:29.735+0000] {taskinstance.py:2481} INFO - Exporting env vars: AIRFLOW_CTX_DAG_OWNER='10 academy' AIRFLOW_CTX_DAG_ID='dag_to_dum_raw_data_to_postgres' AIRFLOW_CTX_TASK_ID='create_raw_data_storing_tables' AIRFLOW_CTX_EXECUTION_DATE='2023-12-23T12:09:28.053307+00:00' AIRFLOW_CTX_TRY_NUMBER='1' AIRFLOW_CTX_DAG_RUN_ID='manual__2023-12-23T12:09:28.053307+00:00'
[2023-12-23T12:09:29.737+0000] {sql.py:276} INFO - Executing: create table if not exists raw_vehicle (
    track_id SERIAL PRIMARY KEY,
    type VARCHAR(255),
    traveled_d FLOAT,
    avg_speed FLOAT
);
create table if not exists raw_vehicle_trajectory(
    id SERIAL PRIMARY KEY,
    lat FLOAT,
    lon FLOAT,
    speed FLOAT,
    lon_acc FLOAT,
    lat_acc FLOAT,
    time FLOAT,
    track_id INTEGER REFERENCEs raw_vehicle(track_id)
)
[2023-12-23T12:09:29.751+0000] {base.py:83} INFO - Using connection ID 'week_two_dwh' for task execution.
[2023-12-23T12:09:29.767+0000] {base.py:83} INFO - Using connection ID 'week_two_dwh' for task execution.
[2023-12-23T12:09:29.780+0000] {sql.py:432} INFO - Running statement: create table if not exists raw_vehicle (
    track_id SERIAL PRIMARY KEY,
    type VARCHAR(255),
    traveled_d FLOAT,
    avg_speed FLOAT
);
create table if not exists raw_vehicle_trajectory(
    id SERIAL PRIMARY KEY,
    lat FLOAT,
    lon FLOAT,
    speed FLOAT,
    lon_acc FLOAT,
    lat_acc FLOAT,
    time FLOAT,
    track_id INTEGER REFERENCEs raw_vehicle(track_id)
), parameters: None
[2023-12-23T12:09:29.825+0000] {taskinstance.py:1138} INFO - Marking task as SUCCESS. dag_id=dag_to_dum_raw_data_to_postgres, task_id=create_raw_data_storing_tables, execution_date=20231223T120928, start_date=20231223T120929, end_date=20231223T120929
[2023-12-23T12:09:29.885+0000] {local_task_job_runner.py:234} INFO - Task exited with return code 0
[2023-12-23T12:09:29.913+0000] {taskinstance.py:3281} INFO - 0 downstream tasks scheduled from follow-on schedule check
