[2023-12-23T11:47:43.992+0000] {taskinstance.py:1957} INFO - Dependencies all met for dep_context=non-requeueable deps ti=<TaskInstance: dag_to_dum_raw_data_to_postgres.create_postgres_table scheduled__2003-10-21T00:00:00+00:00 [queued]>
[2023-12-23T11:47:44.004+0000] {taskinstance.py:1957} INFO - Dependencies all met for dep_context=requeueable deps ti=<TaskInstance: dag_to_dum_raw_data_to_postgres.create_postgres_table scheduled__2003-10-21T00:00:00+00:00 [queued]>
[2023-12-23T11:47:44.005+0000] {taskinstance.py:2171} INFO - Starting attempt 1 of 6
[2023-12-23T11:47:44.029+0000] {taskinstance.py:2192} INFO - Executing <Task(PostgresOperator): create_postgres_table> on 2003-10-21 00:00:00+00:00
[2023-12-23T11:47:44.037+0000] {standard_task_runner.py:60} INFO - Started process 1292 to run task
[2023-12-23T11:47:44.048+0000] {standard_task_runner.py:87} INFO - Running: ['***', 'tasks', 'run', 'dag_to_dum_raw_data_to_postgres', 'create_postgres_table', 'scheduled__2003-10-21T00:00:00+00:00', '--job-id', '371', '--raw', '--subdir', 'DAGS_FOLDER/dump_raw_data_to_postgres.py', '--cfg-path', '/tmp/tmp2en5re9p']
[2023-12-23T11:47:44.050+0000] {standard_task_runner.py:88} INFO - Job 371: Subtask create_postgres_table
[2023-12-23T11:47:44.144+0000] {task_command.py:423} INFO - Running <TaskInstance: dag_to_dum_raw_data_to_postgres.create_postgres_table scheduled__2003-10-21T00:00:00+00:00 [running]> on host 3d316bc74082
[2023-12-23T11:47:44.314+0000] {taskinstance.py:2481} INFO - Exporting env vars: AIRFLOW_CTX_DAG_OWNER='10 academy' AIRFLOW_CTX_DAG_ID='dag_to_dum_raw_data_to_postgres' AIRFLOW_CTX_TASK_ID='create_postgres_table' AIRFLOW_CTX_EXECUTION_DATE='2003-10-21T00:00:00+00:00' AIRFLOW_CTX_TRY_NUMBER='1' AIRFLOW_CTX_DAG_RUN_ID='scheduled__2003-10-21T00:00:00+00:00'
[2023-12-23T11:47:44.319+0000] {sql.py:276} INFO - Executing: 
            create table if not exists raw_vehicle (
                track_id SERIAL PRIMARY KEY,
                type VARCHAR(255),
                traveled_d FLOAT,
                avg_speed FLOAT
            )
        
[2023-12-23T11:47:44.337+0000] {base.py:83} INFO - Using connection ID 'week_two_dwh' for task execution.
[2023-12-23T11:47:44.364+0000] {base.py:83} INFO - Using connection ID 'week_two_dwh' for task execution.
[2023-12-23T11:47:44.383+0000] {sql.py:432} INFO - Running statement: 
            create table if not exists raw_vehicle (
                track_id SERIAL PRIMARY KEY,
                type VARCHAR(255),
                traveled_d FLOAT,
                avg_speed FLOAT
            )
        , parameters: None
[2023-12-23T11:47:44.407+0000] {taskinstance.py:1138} INFO - Marking task as SUCCESS. dag_id=dag_to_dum_raw_data_to_postgres, task_id=create_postgres_table, execution_date=20031021T000000, start_date=20231223T114743, end_date=20231223T114744
[2023-12-23T11:47:44.495+0000] {local_task_job_runner.py:234} INFO - Task exited with return code 0
[2023-12-23T11:47:44.536+0000] {taskinstance.py:3281} INFO - 0 downstream tasks scheduled from follow-on schedule check
