[2023-12-23T10:56:41.386+0000] {processor.py:161} INFO - Started process (PID=37) to work on /home/airflow/.local/lib/python3.8/site-packages/airflow/example_dags/example_params_ui_tutorial.py
[2023-12-23T10:56:41.387+0000] {processor.py:830} INFO - Processing file /home/airflow/.local/lib/python3.8/site-packages/airflow/example_dags/example_params_ui_tutorial.py for tasks to queue
[2023-12-23T10:56:41.390+0000] {logging_mixin.py:188} INFO - [2023-12-23T10:56:41.390+0000] {dagbag.py:538} INFO - Filling up the DagBag from /home/airflow/.local/lib/python3.8/site-packages/airflow/example_dags/example_params_ui_tutorial.py
[2023-12-23T10:56:41.417+0000] {processor.py:840} INFO - DAG(s) 'example_params_ui_tutorial' retrieved from /home/airflow/.local/lib/python3.8/site-packages/airflow/example_dags/example_params_ui_tutorial.py
[2023-12-23T10:56:41.431+0000] {logging_mixin.py:188} INFO - [2023-12-23T10:56:41.431+0000] {dag.py:3033} INFO - Sync 1 DAGs
[2023-12-23T10:56:41.451+0000] {logging_mixin.py:188} INFO - [2023-12-23T10:56:41.450+0000] {dag.py:3820} INFO - Setting next_dagrun for example_params_ui_tutorial to None, run_after=None
[2023-12-23T10:56:41.479+0000] {processor.py:183} INFO - Processing /home/airflow/.local/lib/python3.8/site-packages/airflow/example_dags/example_params_ui_tutorial.py took 0.098 seconds
[2023-12-23T10:57:12.366+0000] {processor.py:161} INFO - Started process (PID=92) to work on /home/airflow/.local/lib/python3.8/site-packages/airflow/example_dags/example_params_ui_tutorial.py
[2023-12-23T10:57:12.367+0000] {processor.py:830} INFO - Processing file /home/airflow/.local/lib/python3.8/site-packages/airflow/example_dags/example_params_ui_tutorial.py for tasks to queue
[2023-12-23T10:57:12.369+0000] {logging_mixin.py:188} INFO - [2023-12-23T10:57:12.369+0000] {dagbag.py:538} INFO - Filling up the DagBag from /home/airflow/.local/lib/python3.8/site-packages/airflow/example_dags/example_params_ui_tutorial.py
[2023-12-23T10:57:12.384+0000] {processor.py:840} INFO - DAG(s) 'example_params_ui_tutorial' retrieved from /home/airflow/.local/lib/python3.8/site-packages/airflow/example_dags/example_params_ui_tutorial.py
[2023-12-23T10:57:12.545+0000] {logging_mixin.py:188} INFO - [2023-12-23T10:57:12.545+0000] {dag.py:3033} INFO - Sync 1 DAGs
[2023-12-23T10:57:12.561+0000] {logging_mixin.py:188} INFO - [2023-12-23T10:57:12.560+0000] {dag.py:3820} INFO - Setting next_dagrun for example_params_ui_tutorial to None, run_after=None
[2023-12-23T10:57:12.592+0000] {processor.py:183} INFO - Processing /home/airflow/.local/lib/python3.8/site-packages/airflow/example_dags/example_params_ui_tutorial.py took 0.231 seconds
[2023-12-23T10:57:43.059+0000] {processor.py:161} INFO - Started process (PID=147) to work on /home/airflow/.local/lib/python3.8/site-packages/airflow/example_dags/example_params_ui_tutorial.py
[2023-12-23T10:57:43.060+0000] {processor.py:830} INFO - Processing file /home/airflow/.local/lib/python3.8/site-packages/airflow/example_dags/example_params_ui_tutorial.py for tasks to queue
[2023-12-23T10:57:43.063+0000] {logging_mixin.py:188} INFO - [2023-12-23T10:57:43.063+0000] {dagbag.py:538} INFO - Filling up the DagBag from /home/airflow/.local/lib/python3.8/site-packages/airflow/example_dags/example_params_ui_tutorial.py
[2023-12-23T10:57:43.079+0000] {processor.py:840} INFO - DAG(s) 'example_params_ui_tutorial' retrieved from /home/airflow/.local/lib/python3.8/site-packages/airflow/example_dags/example_params_ui_tutorial.py
[2023-12-23T10:57:43.149+0000] {logging_mixin.py:188} INFO - [2023-12-23T10:57:43.149+0000] {dag.py:3033} INFO - Sync 1 DAGs
[2023-12-23T10:57:43.165+0000] {logging_mixin.py:188} INFO - [2023-12-23T10:57:43.165+0000] {dag.py:3820} INFO - Setting next_dagrun for example_params_ui_tutorial to None, run_after=None
[2023-12-23T10:57:43.189+0000] {processor.py:183} INFO - Processing /home/airflow/.local/lib/python3.8/site-packages/airflow/example_dags/example_params_ui_tutorial.py took 0.135 seconds
