[2023-12-23T10:56:45.228+0000] {processor.py:161} INFO - Started process (PID=74) to work on /home/airflow/.local/lib/python3.8/site-packages/airflow/example_dags/example_task_group_decorator.py
[2023-12-23T10:56:45.229+0000] {processor.py:830} INFO - Processing file /home/airflow/.local/lib/python3.8/site-packages/airflow/example_dags/example_task_group_decorator.py for tasks to queue
[2023-12-23T10:56:45.232+0000] {logging_mixin.py:188} INFO - [2023-12-23T10:56:45.232+0000] {dagbag.py:538} INFO - Filling up the DagBag from /home/airflow/.local/lib/python3.8/site-packages/airflow/example_dags/example_task_group_decorator.py
[2023-12-23T10:56:45.255+0000] {processor.py:840} INFO - DAG(s) 'example_task_group_decorator' retrieved from /home/airflow/.local/lib/python3.8/site-packages/airflow/example_dags/example_task_group_decorator.py
[2023-12-23T10:56:45.270+0000] {logging_mixin.py:188} INFO - [2023-12-23T10:56:45.270+0000] {dag.py:3033} INFO - Sync 1 DAGs
[2023-12-23T10:56:45.303+0000] {logging_mixin.py:188} INFO - [2023-12-23T10:56:45.303+0000] {dag.py:3820} INFO - Setting next_dagrun for example_task_group_decorator to 2023-12-22T00:00:00+00:00, run_after=2023-12-23T00:00:00+00:00
[2023-12-23T10:56:45.326+0000] {processor.py:183} INFO - Processing /home/airflow/.local/lib/python3.8/site-packages/airflow/example_dags/example_task_group_decorator.py took 0.104 seconds
[2023-12-23T10:57:16.810+0000] {processor.py:161} INFO - Started process (PID=129) to work on /home/airflow/.local/lib/python3.8/site-packages/airflow/example_dags/example_task_group_decorator.py
[2023-12-23T10:57:16.812+0000] {processor.py:830} INFO - Processing file /home/airflow/.local/lib/python3.8/site-packages/airflow/example_dags/example_task_group_decorator.py for tasks to queue
[2023-12-23T10:57:16.815+0000] {logging_mixin.py:188} INFO - [2023-12-23T10:57:16.814+0000] {dagbag.py:538} INFO - Filling up the DagBag from /home/airflow/.local/lib/python3.8/site-packages/airflow/example_dags/example_task_group_decorator.py
[2023-12-23T10:57:16.833+0000] {processor.py:840} INFO - DAG(s) 'example_task_group_decorator' retrieved from /home/airflow/.local/lib/python3.8/site-packages/airflow/example_dags/example_task_group_decorator.py
[2023-12-23T10:57:16.959+0000] {logging_mixin.py:188} INFO - [2023-12-23T10:57:16.959+0000] {dag.py:3033} INFO - Sync 1 DAGs
[2023-12-23T10:57:16.985+0000] {logging_mixin.py:188} INFO - [2023-12-23T10:57:16.984+0000] {dag.py:3820} INFO - Setting next_dagrun for example_task_group_decorator to 2023-12-22T00:00:00+00:00, run_after=2023-12-23T00:00:00+00:00
[2023-12-23T10:57:17.010+0000] {processor.py:183} INFO - Processing /home/airflow/.local/lib/python3.8/site-packages/airflow/example_dags/example_task_group_decorator.py took 0.205 seconds
[2023-12-23T10:57:47.845+0000] {processor.py:161} INFO - Started process (PID=184) to work on /home/airflow/.local/lib/python3.8/site-packages/airflow/example_dags/example_task_group_decorator.py
[2023-12-23T10:57:47.847+0000] {processor.py:830} INFO - Processing file /home/airflow/.local/lib/python3.8/site-packages/airflow/example_dags/example_task_group_decorator.py for tasks to queue
[2023-12-23T10:57:47.850+0000] {logging_mixin.py:188} INFO - [2023-12-23T10:57:47.849+0000] {dagbag.py:538} INFO - Filling up the DagBag from /home/airflow/.local/lib/python3.8/site-packages/airflow/example_dags/example_task_group_decorator.py
[2023-12-23T10:57:47.869+0000] {processor.py:840} INFO - DAG(s) 'example_task_group_decorator' retrieved from /home/airflow/.local/lib/python3.8/site-packages/airflow/example_dags/example_task_group_decorator.py
[2023-12-23T10:57:47.898+0000] {logging_mixin.py:188} INFO - [2023-12-23T10:57:47.898+0000] {dag.py:3033} INFO - Sync 1 DAGs
[2023-12-23T10:57:47.927+0000] {logging_mixin.py:188} INFO - [2023-12-23T10:57:47.927+0000] {dag.py:3820} INFO - Setting next_dagrun for example_task_group_decorator to 2023-12-22T00:00:00+00:00, run_after=2023-12-23T00:00:00+00:00
[2023-12-23T10:57:47.954+0000] {processor.py:183} INFO - Processing /home/airflow/.local/lib/python3.8/site-packages/airflow/example_dags/example_task_group_decorator.py took 0.113 seconds
