[2023-12-23T10:56:43.068+0000] {processor.py:161} INFO - Started process (PID=52) to work on /home/airflow/.local/lib/python3.8/site-packages/airflow/example_dags/example_datasets.py
[2023-12-23T10:56:43.070+0000] {processor.py:830} INFO - Processing file /home/airflow/.local/lib/python3.8/site-packages/airflow/example_dags/example_datasets.py for tasks to queue
[2023-12-23T10:56:43.072+0000] {logging_mixin.py:188} INFO - [2023-12-23T10:56:43.072+0000] {dagbag.py:538} INFO - Filling up the DagBag from /home/airflow/.local/lib/python3.8/site-packages/airflow/example_dags/example_datasets.py
[2023-12-23T10:56:43.086+0000] {processor.py:840} INFO - DAG(s) 'dataset_produces_2', 'dataset_consumes_1_never_scheduled', 'dataset_produces_1', 'dataset_consumes_unknown_never_scheduled', 'dataset_consumes_1', 'dataset_consumes_1_and_2' retrieved from /home/airflow/.local/lib/python3.8/site-packages/airflow/example_dags/example_datasets.py
[2023-12-23T10:56:43.107+0000] {logging_mixin.py:188} INFO - [2023-12-23T10:56:43.106+0000] {dag.py:3033} INFO - Sync 6 DAGs
[2023-12-23T10:56:43.199+0000] {logging_mixin.py:188} INFO - [2023-12-23T10:56:43.198+0000] {dag.py:3820} INFO - Setting next_dagrun for dataset_consumes_1 to None, run_after=None
[2023-12-23T10:56:43.208+0000] {logging_mixin.py:188} INFO - [2023-12-23T10:56:43.208+0000] {dag.py:3820} INFO - Setting next_dagrun for dataset_consumes_1_and_2 to None, run_after=None
[2023-12-23T10:56:43.212+0000] {logging_mixin.py:188} INFO - [2023-12-23T10:56:43.211+0000] {dag.py:3820} INFO - Setting next_dagrun for dataset_consumes_1_never_scheduled to None, run_after=None
[2023-12-23T10:56:43.214+0000] {logging_mixin.py:188} INFO - [2023-12-23T10:56:43.214+0000] {dag.py:3820} INFO - Setting next_dagrun for dataset_consumes_unknown_never_scheduled to None, run_after=None
[2023-12-23T10:56:43.224+0000] {logging_mixin.py:188} INFO - [2023-12-23T10:56:43.223+0000] {dag.py:3820} INFO - Setting next_dagrun for dataset_produces_1 to 2023-12-22T00:00:00+00:00, run_after=2023-12-23T00:00:00+00:00
[2023-12-23T10:56:43.227+0000] {logging_mixin.py:188} INFO - [2023-12-23T10:56:43.227+0000] {dag.py:3820} INFO - Setting next_dagrun for dataset_produces_2 to None, run_after=None
[2023-12-23T10:56:43.287+0000] {processor.py:183} INFO - Processing /home/airflow/.local/lib/python3.8/site-packages/airflow/example_dags/example_datasets.py took 0.224 seconds
[2023-12-23T10:57:14.193+0000] {processor.py:161} INFO - Started process (PID=107) to work on /home/airflow/.local/lib/python3.8/site-packages/airflow/example_dags/example_datasets.py
[2023-12-23T10:57:14.194+0000] {processor.py:830} INFO - Processing file /home/airflow/.local/lib/python3.8/site-packages/airflow/example_dags/example_datasets.py for tasks to queue
[2023-12-23T10:57:14.198+0000] {logging_mixin.py:188} INFO - [2023-12-23T10:57:14.197+0000] {dagbag.py:538} INFO - Filling up the DagBag from /home/airflow/.local/lib/python3.8/site-packages/airflow/example_dags/example_datasets.py
[2023-12-23T10:57:14.214+0000] {processor.py:840} INFO - DAG(s) 'dataset_produces_1', 'dataset_produces_2', 'dataset_consumes_1_never_scheduled', 'dataset_consumes_1', 'dataset_consumes_unknown_never_scheduled', 'dataset_consumes_1_and_2' retrieved from /home/airflow/.local/lib/python3.8/site-packages/airflow/example_dags/example_datasets.py
[2023-12-23T10:57:14.424+0000] {logging_mixin.py:188} INFO - [2023-12-23T10:57:14.424+0000] {dag.py:3033} INFO - Sync 6 DAGs
[2023-12-23T10:57:14.452+0000] {logging_mixin.py:188} INFO - [2023-12-23T10:57:14.452+0000] {dag.py:3820} INFO - Setting next_dagrun for dataset_consumes_1 to None, run_after=None
[2023-12-23T10:57:14.456+0000] {logging_mixin.py:188} INFO - [2023-12-23T10:57:14.456+0000] {dag.py:3820} INFO - Setting next_dagrun for dataset_consumes_1_and_2 to None, run_after=None
[2023-12-23T10:57:14.459+0000] {logging_mixin.py:188} INFO - [2023-12-23T10:57:14.459+0000] {dag.py:3820} INFO - Setting next_dagrun for dataset_consumes_1_never_scheduled to None, run_after=None
[2023-12-23T10:57:14.461+0000] {logging_mixin.py:188} INFO - [2023-12-23T10:57:14.461+0000] {dag.py:3820} INFO - Setting next_dagrun for dataset_consumes_unknown_never_scheduled to None, run_after=None
[2023-12-23T10:57:14.468+0000] {logging_mixin.py:188} INFO - [2023-12-23T10:57:14.468+0000] {dag.py:3820} INFO - Setting next_dagrun for dataset_produces_1 to 2023-12-22T00:00:00+00:00, run_after=2023-12-23T00:00:00+00:00
[2023-12-23T10:57:14.470+0000] {logging_mixin.py:188} INFO - [2023-12-23T10:57:14.470+0000] {dag.py:3820} INFO - Setting next_dagrun for dataset_produces_2 to None, run_after=None
[2023-12-23T10:57:14.519+0000] {processor.py:183} INFO - Processing /home/airflow/.local/lib/python3.8/site-packages/airflow/example_dags/example_datasets.py took 0.331 seconds
[2023-12-23T10:57:45.190+0000] {processor.py:161} INFO - Started process (PID=162) to work on /home/airflow/.local/lib/python3.8/site-packages/airflow/example_dags/example_datasets.py
[2023-12-23T10:57:45.192+0000] {processor.py:830} INFO - Processing file /home/airflow/.local/lib/python3.8/site-packages/airflow/example_dags/example_datasets.py for tasks to queue
[2023-12-23T10:57:45.195+0000] {logging_mixin.py:188} INFO - [2023-12-23T10:57:45.194+0000] {dagbag.py:538} INFO - Filling up the DagBag from /home/airflow/.local/lib/python3.8/site-packages/airflow/example_dags/example_datasets.py
[2023-12-23T10:57:45.206+0000] {processor.py:840} INFO - DAG(s) 'dataset_consumes_unknown_never_scheduled', 'dataset_produces_1', 'dataset_consumes_1_never_scheduled', 'dataset_produces_2', 'dataset_consumes_1_and_2', 'dataset_consumes_1' retrieved from /home/airflow/.local/lib/python3.8/site-packages/airflow/example_dags/example_datasets.py
[2023-12-23T10:57:45.248+0000] {logging_mixin.py:188} INFO - [2023-12-23T10:57:45.247+0000] {dag.py:3033} INFO - Sync 6 DAGs
[2023-12-23T10:57:45.278+0000] {logging_mixin.py:188} INFO - [2023-12-23T10:57:45.278+0000] {dag.py:3820} INFO - Setting next_dagrun for dataset_consumes_1 to None, run_after=None
[2023-12-23T10:57:45.285+0000] {logging_mixin.py:188} INFO - [2023-12-23T10:57:45.285+0000] {dag.py:3820} INFO - Setting next_dagrun for dataset_consumes_1_and_2 to None, run_after=None
[2023-12-23T10:57:45.287+0000] {logging_mixin.py:188} INFO - [2023-12-23T10:57:45.287+0000] {dag.py:3820} INFO - Setting next_dagrun for dataset_consumes_1_never_scheduled to None, run_after=None
[2023-12-23T10:57:45.289+0000] {logging_mixin.py:188} INFO - [2023-12-23T10:57:45.289+0000] {dag.py:3820} INFO - Setting next_dagrun for dataset_consumes_unknown_never_scheduled to None, run_after=None
[2023-12-23T10:57:45.293+0000] {logging_mixin.py:188} INFO - [2023-12-23T10:57:45.292+0000] {dag.py:3820} INFO - Setting next_dagrun for dataset_produces_1 to 2023-12-22T00:00:00+00:00, run_after=2023-12-23T00:00:00+00:00
[2023-12-23T10:57:45.295+0000] {logging_mixin.py:188} INFO - [2023-12-23T10:57:45.295+0000] {dag.py:3820} INFO - Setting next_dagrun for dataset_produces_2 to None, run_after=None
[2023-12-23T10:57:45.338+0000] {processor.py:183} INFO - Processing /home/airflow/.local/lib/python3.8/site-packages/airflow/example_dags/example_datasets.py took 0.152 seconds
