[2023-12-23T10:56:42.507+0000] {processor.py:161} INFO - Started process (PID=47) to work on /home/airflow/.local/lib/python3.8/site-packages/airflow/example_dags/example_sla_dag.py
[2023-12-23T10:56:42.509+0000] {processor.py:830} INFO - Processing file /home/airflow/.local/lib/python3.8/site-packages/airflow/example_dags/example_sla_dag.py for tasks to queue
[2023-12-23T10:56:42.512+0000] {logging_mixin.py:188} INFO - [2023-12-23T10:56:42.511+0000] {dagbag.py:538} INFO - Filling up the DagBag from /home/airflow/.local/lib/python3.8/site-packages/airflow/example_dags/example_sla_dag.py
[2023-12-23T10:56:42.531+0000] {processor.py:840} INFO - DAG(s) 'example_sla_dag' retrieved from /home/airflow/.local/lib/python3.8/site-packages/airflow/example_dags/example_sla_dag.py
[2023-12-23T10:56:42.563+0000] {logging_mixin.py:188} INFO - [2023-12-23T10:56:42.562+0000] {dag.py:3033} INFO - Sync 1 DAGs
[2023-12-23T10:56:42.605+0000] {logging_mixin.py:188} INFO - [2023-12-23T10:56:42.605+0000] {dag.py:3820} INFO - Setting next_dagrun for example_sla_dag to 2023-12-23T10:54:00+00:00, run_after=2023-12-23T10:56:00+00:00
[2023-12-23T10:56:42.714+0000] {processor.py:183} INFO - Processing /home/airflow/.local/lib/python3.8/site-packages/airflow/example_dags/example_sla_dag.py took 0.217 seconds
[2023-12-23T10:57:13.540+0000] {processor.py:161} INFO - Started process (PID=102) to work on /home/airflow/.local/lib/python3.8/site-packages/airflow/example_dags/example_sla_dag.py
[2023-12-23T10:57:13.541+0000] {processor.py:830} INFO - Processing file /home/airflow/.local/lib/python3.8/site-packages/airflow/example_dags/example_sla_dag.py for tasks to queue
[2023-12-23T10:57:13.544+0000] {logging_mixin.py:188} INFO - [2023-12-23T10:57:13.544+0000] {dagbag.py:538} INFO - Filling up the DagBag from /home/airflow/.local/lib/python3.8/site-packages/airflow/example_dags/example_sla_dag.py
[2023-12-23T10:57:13.556+0000] {processor.py:840} INFO - DAG(s) 'example_sla_dag' retrieved from /home/airflow/.local/lib/python3.8/site-packages/airflow/example_dags/example_sla_dag.py
[2023-12-23T10:57:13.685+0000] {logging_mixin.py:188} INFO - [2023-12-23T10:57:13.684+0000] {dag.py:3033} INFO - Sync 1 DAGs
[2023-12-23T10:57:13.719+0000] {logging_mixin.py:188} INFO - [2023-12-23T10:57:13.719+0000] {dag.py:3820} INFO - Setting next_dagrun for example_sla_dag to 2023-12-23T10:54:00+00:00, run_after=2023-12-23T10:56:00+00:00
[2023-12-23T10:57:13.753+0000] {processor.py:183} INFO - Processing /home/airflow/.local/lib/python3.8/site-packages/airflow/example_dags/example_sla_dag.py took 0.218 seconds
[2023-12-23T10:57:43.797+0000] {processor.py:161} INFO - Started process (PID=157) to work on /home/airflow/.local/lib/python3.8/site-packages/airflow/example_dags/example_sla_dag.py
[2023-12-23T10:57:43.798+0000] {processor.py:830} INFO - Processing file /home/airflow/.local/lib/python3.8/site-packages/airflow/example_dags/example_sla_dag.py for tasks to queue
[2023-12-23T10:57:43.801+0000] {logging_mixin.py:188} INFO - [2023-12-23T10:57:43.800+0000] {dagbag.py:538} INFO - Filling up the DagBag from /home/airflow/.local/lib/python3.8/site-packages/airflow/example_dags/example_sla_dag.py
[2023-12-23T10:57:43.813+0000] {processor.py:840} INFO - DAG(s) 'example_sla_dag' retrieved from /home/airflow/.local/lib/python3.8/site-packages/airflow/example_dags/example_sla_dag.py
[2023-12-23T10:57:43.838+0000] {logging_mixin.py:188} INFO - [2023-12-23T10:57:43.838+0000] {dag.py:3033} INFO - Sync 1 DAGs
[2023-12-23T10:57:43.869+0000] {logging_mixin.py:188} INFO - [2023-12-23T10:57:43.868+0000] {dag.py:3820} INFO - Setting next_dagrun for example_sla_dag to 2023-12-23T10:54:00+00:00, run_after=2023-12-23T10:56:00+00:00
[2023-12-23T10:57:43.893+0000] {processor.py:183} INFO - Processing /home/airflow/.local/lib/python3.8/site-packages/airflow/example_dags/example_sla_dag.py took 0.101 seconds
