[2023-12-23T10:56:44.747+0000] {processor.py:161} INFO - Started process (PID=67) to work on /home/airflow/.local/lib/python3.8/site-packages/airflow/example_dags/example_complex.py
[2023-12-23T10:56:44.748+0000] {processor.py:830} INFO - Processing file /home/airflow/.local/lib/python3.8/site-packages/airflow/example_dags/example_complex.py for tasks to queue
[2023-12-23T10:56:44.752+0000] {logging_mixin.py:188} INFO - [2023-12-23T10:56:44.751+0000] {dagbag.py:538} INFO - Filling up the DagBag from /home/airflow/.local/lib/python3.8/site-packages/airflow/example_dags/example_complex.py
[2023-12-23T10:56:44.767+0000] {processor.py:840} INFO - DAG(s) 'example_complex' retrieved from /home/airflow/.local/lib/python3.8/site-packages/airflow/example_dags/example_complex.py
[2023-12-23T10:56:44.784+0000] {logging_mixin.py:188} INFO - [2023-12-23T10:56:44.783+0000] {dag.py:3033} INFO - Sync 1 DAGs
[2023-12-23T10:56:44.804+0000] {logging_mixin.py:188} INFO - [2023-12-23T10:56:44.804+0000] {dag.py:3820} INFO - Setting next_dagrun for example_complex to None, run_after=None
[2023-12-23T10:56:44.834+0000] {processor.py:183} INFO - Processing /home/airflow/.local/lib/python3.8/site-packages/airflow/example_dags/example_complex.py took 0.091 seconds
[2023-12-23T10:57:15.948+0000] {processor.py:161} INFO - Started process (PID=122) to work on /home/airflow/.local/lib/python3.8/site-packages/airflow/example_dags/example_complex.py
[2023-12-23T10:57:15.949+0000] {processor.py:830} INFO - Processing file /home/airflow/.local/lib/python3.8/site-packages/airflow/example_dags/example_complex.py for tasks to queue
[2023-12-23T10:57:15.952+0000] {logging_mixin.py:188} INFO - [2023-12-23T10:57:15.952+0000] {dagbag.py:538} INFO - Filling up the DagBag from /home/airflow/.local/lib/python3.8/site-packages/airflow/example_dags/example_complex.py
[2023-12-23T10:57:15.966+0000] {processor.py:840} INFO - DAG(s) 'example_complex' retrieved from /home/airflow/.local/lib/python3.8/site-packages/airflow/example_dags/example_complex.py
[2023-12-23T10:57:16.105+0000] {logging_mixin.py:188} INFO - [2023-12-23T10:57:16.105+0000] {dag.py:3033} INFO - Sync 1 DAGs
[2023-12-23T10:57:16.119+0000] {logging_mixin.py:188} INFO - [2023-12-23T10:57:16.119+0000] {dag.py:3820} INFO - Setting next_dagrun for example_complex to None, run_after=None
[2023-12-23T10:57:16.149+0000] {processor.py:183} INFO - Processing /home/airflow/.local/lib/python3.8/site-packages/airflow/example_dags/example_complex.py took 0.205 seconds
[2023-12-23T10:57:46.264+0000] {processor.py:161} INFO - Started process (PID=177) to work on /home/airflow/.local/lib/python3.8/site-packages/airflow/example_dags/example_complex.py
[2023-12-23T10:57:46.265+0000] {processor.py:830} INFO - Processing file /home/airflow/.local/lib/python3.8/site-packages/airflow/example_dags/example_complex.py for tasks to queue
[2023-12-23T10:57:46.268+0000] {logging_mixin.py:188} INFO - [2023-12-23T10:57:46.267+0000] {dagbag.py:538} INFO - Filling up the DagBag from /home/airflow/.local/lib/python3.8/site-packages/airflow/example_dags/example_complex.py
[2023-12-23T10:57:46.284+0000] {processor.py:840} INFO - DAG(s) 'example_complex' retrieved from /home/airflow/.local/lib/python3.8/site-packages/airflow/example_dags/example_complex.py
[2023-12-23T10:57:46.324+0000] {logging_mixin.py:188} INFO - [2023-12-23T10:57:46.324+0000] {dag.py:3033} INFO - Sync 1 DAGs
[2023-12-23T10:57:46.341+0000] {logging_mixin.py:188} INFO - [2023-12-23T10:57:46.341+0000] {dag.py:3820} INFO - Setting next_dagrun for example_complex to None, run_after=None
[2023-12-23T10:57:46.367+0000] {processor.py:183} INFO - Processing /home/airflow/.local/lib/python3.8/site-packages/airflow/example_dags/example_complex.py took 0.108 seconds
