[2023-12-23T10:56:41.520+0000] {processor.py:161} INFO - Started process (PID=38) to work on /home/airflow/.local/lib/python3.8/site-packages/airflow/example_dags/example_external_task_marker_dag.py
[2023-12-23T10:56:41.521+0000] {processor.py:830} INFO - Processing file /home/airflow/.local/lib/python3.8/site-packages/airflow/example_dags/example_external_task_marker_dag.py for tasks to queue
[2023-12-23T10:56:41.525+0000] {logging_mixin.py:188} INFO - [2023-12-23T10:56:41.524+0000] {dagbag.py:538} INFO - Filling up the DagBag from /home/airflow/.local/lib/python3.8/site-packages/airflow/example_dags/example_external_task_marker_dag.py
[2023-12-23T10:56:41.539+0000] {processor.py:840} INFO - DAG(s) 'example_external_task_marker_child', 'example_external_task_marker_parent' retrieved from /home/airflow/.local/lib/python3.8/site-packages/airflow/example_dags/example_external_task_marker_dag.py
[2023-12-23T10:56:41.560+0000] {logging_mixin.py:188} INFO - [2023-12-23T10:56:41.559+0000] {dag.py:3033} INFO - Sync 2 DAGs
[2023-12-23T10:56:41.578+0000] {logging_mixin.py:188} INFO - [2023-12-23T10:56:41.578+0000] {dag.py:3820} INFO - Setting next_dagrun for example_external_task_marker_child to None, run_after=None
[2023-12-23T10:56:41.588+0000] {logging_mixin.py:188} INFO - [2023-12-23T10:56:41.588+0000] {dag.py:3820} INFO - Setting next_dagrun for example_external_task_marker_parent to None, run_after=None
[2023-12-23T10:56:41.713+0000] {processor.py:183} INFO - Processing /home/airflow/.local/lib/python3.8/site-packages/airflow/example_dags/example_external_task_marker_dag.py took 0.197 seconds
[2023-12-23T10:57:12.409+0000] {processor.py:161} INFO - Started process (PID=93) to work on /home/airflow/.local/lib/python3.8/site-packages/airflow/example_dags/example_external_task_marker_dag.py
[2023-12-23T10:57:12.410+0000] {processor.py:830} INFO - Processing file /home/airflow/.local/lib/python3.8/site-packages/airflow/example_dags/example_external_task_marker_dag.py for tasks to queue
[2023-12-23T10:57:12.413+0000] {logging_mixin.py:188} INFO - [2023-12-23T10:57:12.413+0000] {dagbag.py:538} INFO - Filling up the DagBag from /home/airflow/.local/lib/python3.8/site-packages/airflow/example_dags/example_external_task_marker_dag.py
[2023-12-23T10:57:12.421+0000] {processor.py:840} INFO - DAG(s) 'example_external_task_marker_parent', 'example_external_task_marker_child' retrieved from /home/airflow/.local/lib/python3.8/site-packages/airflow/example_dags/example_external_task_marker_dag.py
[2023-12-23T10:57:12.551+0000] {logging_mixin.py:188} INFO - [2023-12-23T10:57:12.551+0000] {dag.py:3033} INFO - Sync 2 DAGs
[2023-12-23T10:57:12.568+0000] {logging_mixin.py:188} INFO - [2023-12-23T10:57:12.567+0000] {dag.py:3820} INFO - Setting next_dagrun for example_external_task_marker_child to None, run_after=None
[2023-12-23T10:57:12.572+0000] {logging_mixin.py:188} INFO - [2023-12-23T10:57:12.572+0000] {dag.py:3820} INFO - Setting next_dagrun for example_external_task_marker_parent to None, run_after=None
[2023-12-23T10:57:12.597+0000] {processor.py:183} INFO - Processing /home/airflow/.local/lib/python3.8/site-packages/airflow/example_dags/example_external_task_marker_dag.py took 0.192 seconds
[2023-12-23T10:57:43.066+0000] {processor.py:161} INFO - Started process (PID=148) to work on /home/airflow/.local/lib/python3.8/site-packages/airflow/example_dags/example_external_task_marker_dag.py
[2023-12-23T10:57:43.067+0000] {processor.py:830} INFO - Processing file /home/airflow/.local/lib/python3.8/site-packages/airflow/example_dags/example_external_task_marker_dag.py for tasks to queue
[2023-12-23T10:57:43.070+0000] {logging_mixin.py:188} INFO - [2023-12-23T10:57:43.069+0000] {dagbag.py:538} INFO - Filling up the DagBag from /home/airflow/.local/lib/python3.8/site-packages/airflow/example_dags/example_external_task_marker_dag.py
[2023-12-23T10:57:43.078+0000] {processor.py:840} INFO - DAG(s) 'example_external_task_marker_child', 'example_external_task_marker_parent' retrieved from /home/airflow/.local/lib/python3.8/site-packages/airflow/example_dags/example_external_task_marker_dag.py
[2023-12-23T10:57:43.107+0000] {logging_mixin.py:188} INFO - [2023-12-23T10:57:43.107+0000] {dag.py:3033} INFO - Sync 2 DAGs
[2023-12-23T10:57:43.124+0000] {logging_mixin.py:188} INFO - [2023-12-23T10:57:43.123+0000] {dag.py:3820} INFO - Setting next_dagrun for example_external_task_marker_child to None, run_after=None
[2023-12-23T10:57:43.129+0000] {logging_mixin.py:188} INFO - [2023-12-23T10:57:43.128+0000] {dag.py:3820} INFO - Setting next_dagrun for example_external_task_marker_parent to None, run_after=None
[2023-12-23T10:57:43.152+0000] {processor.py:183} INFO - Processing /home/airflow/.local/lib/python3.8/site-packages/airflow/example_dags/example_external_task_marker_dag.py took 0.090 seconds
