[2023-12-23T10:56:41.080+0000] {processor.py:161} INFO - Started process (PID=33) to work on /home/airflow/.local/lib/python3.8/site-packages/airflow/example_dags/example_latest_only.py
[2023-12-23T10:56:41.095+0000] {processor.py:830} INFO - Processing file /home/airflow/.local/lib/python3.8/site-packages/airflow/example_dags/example_latest_only.py for tasks to queue
[2023-12-23T10:56:41.098+0000] {logging_mixin.py:188} INFO - [2023-12-23T10:56:41.097+0000] {dagbag.py:538} INFO - Filling up the DagBag from /home/airflow/.local/lib/python3.8/site-packages/airflow/example_dags/example_latest_only.py
[2023-12-23T10:56:41.109+0000] {processor.py:840} INFO - DAG(s) 'latest_only' retrieved from /home/airflow/.local/lib/python3.8/site-packages/airflow/example_dags/example_latest_only.py
[2023-12-23T10:56:41.124+0000] {logging_mixin.py:188} INFO - [2023-12-23T10:56:41.123+0000] {dag.py:3033} INFO - Sync 1 DAGs
[2023-12-23T10:56:41.158+0000] {logging_mixin.py:188} INFO - [2023-12-23T10:56:41.157+0000] {dag.py:3820} INFO - Setting next_dagrun for latest_only to 2023-12-23T04:00:00+00:00, run_after=2023-12-23T08:00:00+00:00
[2023-12-23T10:56:41.203+0000] {processor.py:183} INFO - Processing /home/airflow/.local/lib/python3.8/site-packages/airflow/example_dags/example_latest_only.py took 0.128 seconds
[2023-12-23T10:57:11.936+0000] {processor.py:161} INFO - Started process (PID=88) to work on /home/airflow/.local/lib/python3.8/site-packages/airflow/example_dags/example_latest_only.py
[2023-12-23T10:57:11.937+0000] {processor.py:830} INFO - Processing file /home/airflow/.local/lib/python3.8/site-packages/airflow/example_dags/example_latest_only.py for tasks to queue
[2023-12-23T10:57:11.940+0000] {logging_mixin.py:188} INFO - [2023-12-23T10:57:11.940+0000] {dagbag.py:538} INFO - Filling up the DagBag from /home/airflow/.local/lib/python3.8/site-packages/airflow/example_dags/example_latest_only.py
[2023-12-23T10:57:11.947+0000] {processor.py:840} INFO - DAG(s) 'latest_only' retrieved from /home/airflow/.local/lib/python3.8/site-packages/airflow/example_dags/example_latest_only.py
[2023-12-23T10:57:12.072+0000] {logging_mixin.py:188} INFO - [2023-12-23T10:57:12.072+0000] {dag.py:3033} INFO - Sync 1 DAGs
[2023-12-23T10:57:12.104+0000] {logging_mixin.py:188} INFO - [2023-12-23T10:57:12.104+0000] {dag.py:3820} INFO - Setting next_dagrun for latest_only to 2023-12-23T04:00:00+00:00, run_after=2023-12-23T08:00:00+00:00
[2023-12-23T10:57:12.131+0000] {processor.py:183} INFO - Processing /home/airflow/.local/lib/python3.8/site-packages/airflow/example_dags/example_latest_only.py took 0.201 seconds
[2023-12-23T10:57:42.591+0000] {processor.py:161} INFO - Started process (PID=143) to work on /home/airflow/.local/lib/python3.8/site-packages/airflow/example_dags/example_latest_only.py
[2023-12-23T10:57:42.593+0000] {processor.py:830} INFO - Processing file /home/airflow/.local/lib/python3.8/site-packages/airflow/example_dags/example_latest_only.py for tasks to queue
[2023-12-23T10:57:42.596+0000] {logging_mixin.py:188} INFO - [2023-12-23T10:57:42.596+0000] {dagbag.py:538} INFO - Filling up the DagBag from /home/airflow/.local/lib/python3.8/site-packages/airflow/example_dags/example_latest_only.py
[2023-12-23T10:57:42.605+0000] {processor.py:840} INFO - DAG(s) 'latest_only' retrieved from /home/airflow/.local/lib/python3.8/site-packages/airflow/example_dags/example_latest_only.py
[2023-12-23T10:57:42.634+0000] {logging_mixin.py:188} INFO - [2023-12-23T10:57:42.634+0000] {dag.py:3033} INFO - Sync 1 DAGs
[2023-12-23T10:57:42.675+0000] {logging_mixin.py:188} INFO - [2023-12-23T10:57:42.675+0000] {dag.py:3820} INFO - Setting next_dagrun for latest_only to 2023-12-23T04:00:00+00:00, run_after=2023-12-23T08:00:00+00:00
[2023-12-23T10:57:42.723+0000] {processor.py:183} INFO - Processing /home/airflow/.local/lib/python3.8/site-packages/airflow/example_dags/example_latest_only.py took 0.137 seconds
