[2023-12-23T10:56:43.345+0000] {processor.py:161} INFO - Started process (PID=54) to work on /home/airflow/.local/lib/python3.8/site-packages/airflow/example_dags/example_time_delta_sensor_async.py
[2023-12-23T10:56:43.346+0000] {processor.py:830} INFO - Processing file /home/airflow/.local/lib/python3.8/site-packages/airflow/example_dags/example_time_delta_sensor_async.py for tasks to queue
[2023-12-23T10:56:43.351+0000] {logging_mixin.py:188} INFO - [2023-12-23T10:56:43.350+0000] {dagbag.py:538} INFO - Filling up the DagBag from /home/airflow/.local/lib/python3.8/site-packages/airflow/example_dags/example_time_delta_sensor_async.py
[2023-12-23T10:56:43.361+0000] {processor.py:840} INFO - DAG(s) 'example_time_delta_sensor_async' retrieved from /home/airflow/.local/lib/python3.8/site-packages/airflow/example_dags/example_time_delta_sensor_async.py
[2023-12-23T10:56:43.379+0000] {logging_mixin.py:188} INFO - [2023-12-23T10:56:43.378+0000] {dag.py:3033} INFO - Sync 1 DAGs
[2023-12-23T10:56:43.402+0000] {logging_mixin.py:188} INFO - [2023-12-23T10:56:43.402+0000] {dag.py:3820} INFO - Setting next_dagrun for example_time_delta_sensor_async to None, run_after=None
[2023-12-23T10:56:43.452+0000] {processor.py:183} INFO - Processing /home/airflow/.local/lib/python3.8/site-packages/airflow/example_dags/example_time_delta_sensor_async.py took 0.112 seconds
[2023-12-23T10:57:14.513+0000] {processor.py:161} INFO - Started process (PID=109) to work on /home/airflow/.local/lib/python3.8/site-packages/airflow/example_dags/example_time_delta_sensor_async.py
[2023-12-23T10:57:14.514+0000] {processor.py:830} INFO - Processing file /home/airflow/.local/lib/python3.8/site-packages/airflow/example_dags/example_time_delta_sensor_async.py for tasks to queue
[2023-12-23T10:57:14.517+0000] {logging_mixin.py:188} INFO - [2023-12-23T10:57:14.517+0000] {dagbag.py:538} INFO - Filling up the DagBag from /home/airflow/.local/lib/python3.8/site-packages/airflow/example_dags/example_time_delta_sensor_async.py
[2023-12-23T10:57:14.524+0000] {processor.py:840} INFO - DAG(s) 'example_time_delta_sensor_async' retrieved from /home/airflow/.local/lib/python3.8/site-packages/airflow/example_dags/example_time_delta_sensor_async.py
[2023-12-23T10:57:14.645+0000] {logging_mixin.py:188} INFO - [2023-12-23T10:57:14.645+0000] {dag.py:3033} INFO - Sync 1 DAGs
[2023-12-23T10:57:14.659+0000] {logging_mixin.py:188} INFO - [2023-12-23T10:57:14.659+0000] {dag.py:3820} INFO - Setting next_dagrun for example_time_delta_sensor_async to None, run_after=None
[2023-12-23T10:57:14.695+0000] {processor.py:183} INFO - Processing /home/airflow/.local/lib/python3.8/site-packages/airflow/example_dags/example_time_delta_sensor_async.py took 0.186 seconds
[2023-12-23T10:57:45.324+0000] {processor.py:161} INFO - Started process (PID=164) to work on /home/airflow/.local/lib/python3.8/site-packages/airflow/example_dags/example_time_delta_sensor_async.py
[2023-12-23T10:57:45.325+0000] {processor.py:830} INFO - Processing file /home/airflow/.local/lib/python3.8/site-packages/airflow/example_dags/example_time_delta_sensor_async.py for tasks to queue
[2023-12-23T10:57:45.328+0000] {logging_mixin.py:188} INFO - [2023-12-23T10:57:45.327+0000] {dagbag.py:538} INFO - Filling up the DagBag from /home/airflow/.local/lib/python3.8/site-packages/airflow/example_dags/example_time_delta_sensor_async.py
[2023-12-23T10:57:45.335+0000] {processor.py:840} INFO - DAG(s) 'example_time_delta_sensor_async' retrieved from /home/airflow/.local/lib/python3.8/site-packages/airflow/example_dags/example_time_delta_sensor_async.py
[2023-12-23T10:57:45.360+0000] {logging_mixin.py:188} INFO - [2023-12-23T10:57:45.359+0000] {dag.py:3033} INFO - Sync 1 DAGs
[2023-12-23T10:57:45.376+0000] {logging_mixin.py:188} INFO - [2023-12-23T10:57:45.376+0000] {dag.py:3820} INFO - Setting next_dagrun for example_time_delta_sensor_async to None, run_after=None
[2023-12-23T10:57:45.401+0000] {processor.py:183} INFO - Processing /home/airflow/.local/lib/python3.8/site-packages/airflow/example_dags/example_time_delta_sensor_async.py took 0.081 seconds
