[2023-12-23T10:56:45.004+0000] {processor.py:161} INFO - Started process (PID=71) to work on /home/airflow/.local/lib/python3.8/site-packages/airflow/example_dags/example_sensors.py
[2023-12-23T10:56:45.005+0000] {processor.py:830} INFO - Processing file /home/airflow/.local/lib/python3.8/site-packages/airflow/example_dags/example_sensors.py for tasks to queue
[2023-12-23T10:56:45.009+0000] {logging_mixin.py:188} INFO - [2023-12-23T10:56:45.008+0000] {dagbag.py:538} INFO - Filling up the DagBag from /home/airflow/.local/lib/python3.8/site-packages/airflow/example_dags/example_sensors.py
[2023-12-23T10:56:45.023+0000] {processor.py:840} INFO - DAG(s) 'example_sensors' retrieved from /home/airflow/.local/lib/python3.8/site-packages/airflow/example_dags/example_sensors.py
[2023-12-23T10:56:45.039+0000] {logging_mixin.py:188} INFO - [2023-12-23T10:56:45.039+0000] {dag.py:3033} INFO - Sync 1 DAGs
[2023-12-23T10:56:45.056+0000] {logging_mixin.py:188} INFO - [2023-12-23T10:56:45.056+0000] {dag.py:3820} INFO - Setting next_dagrun for example_sensors to None, run_after=None
[2023-12-23T10:56:45.088+0000] {processor.py:183} INFO - Processing /home/airflow/.local/lib/python3.8/site-packages/airflow/example_dags/example_sensors.py took 0.088 seconds
[2023-12-23T10:57:16.384+0000] {processor.py:161} INFO - Started process (PID=126) to work on /home/airflow/.local/lib/python3.8/site-packages/airflow/example_dags/example_sensors.py
[2023-12-23T10:57:16.385+0000] {processor.py:830} INFO - Processing file /home/airflow/.local/lib/python3.8/site-packages/airflow/example_dags/example_sensors.py for tasks to queue
[2023-12-23T10:57:16.388+0000] {logging_mixin.py:188} INFO - [2023-12-23T10:57:16.387+0000] {dagbag.py:538} INFO - Filling up the DagBag from /home/airflow/.local/lib/python3.8/site-packages/airflow/example_dags/example_sensors.py
[2023-12-23T10:57:16.399+0000] {processor.py:840} INFO - DAG(s) 'example_sensors' retrieved from /home/airflow/.local/lib/python3.8/site-packages/airflow/example_dags/example_sensors.py
[2023-12-23T10:57:16.526+0000] {logging_mixin.py:188} INFO - [2023-12-23T10:57:16.526+0000] {dag.py:3033} INFO - Sync 1 DAGs
[2023-12-23T10:57:16.540+0000] {logging_mixin.py:188} INFO - [2023-12-23T10:57:16.540+0000] {dag.py:3820} INFO - Setting next_dagrun for example_sensors to None, run_after=None
[2023-12-23T10:57:16.568+0000] {processor.py:183} INFO - Processing /home/airflow/.local/lib/python3.8/site-packages/airflow/example_dags/example_sensors.py took 0.189 seconds
[2023-12-23T10:57:47.459+0000] {processor.py:161} INFO - Started process (PID=181) to work on /home/airflow/.local/lib/python3.8/site-packages/airflow/example_dags/example_sensors.py
[2023-12-23T10:57:47.462+0000] {processor.py:830} INFO - Processing file /home/airflow/.local/lib/python3.8/site-packages/airflow/example_dags/example_sensors.py for tasks to queue
[2023-12-23T10:57:47.471+0000] {logging_mixin.py:188} INFO - [2023-12-23T10:57:47.470+0000] {dagbag.py:538} INFO - Filling up the DagBag from /home/airflow/.local/lib/python3.8/site-packages/airflow/example_dags/example_sensors.py
[2023-12-23T10:57:47.511+0000] {processor.py:840} INFO - DAG(s) 'example_sensors' retrieved from /home/airflow/.local/lib/python3.8/site-packages/airflow/example_dags/example_sensors.py
[2023-12-23T10:57:47.573+0000] {logging_mixin.py:188} INFO - [2023-12-23T10:57:47.572+0000] {dag.py:3033} INFO - Sync 1 DAGs
[2023-12-23T10:57:47.599+0000] {logging_mixin.py:188} INFO - [2023-12-23T10:57:47.598+0000] {dag.py:3820} INFO - Setting next_dagrun for example_sensors to None, run_after=None
[2023-12-23T10:57:47.638+0000] {processor.py:183} INFO - Processing /home/airflow/.local/lib/python3.8/site-packages/airflow/example_dags/example_sensors.py took 0.193 seconds
