[2023-12-23T10:56:44.404+0000] {processor.py:161} INFO - Started process (PID=62) to work on /home/airflow/.local/lib/python3.8/site-packages/airflow/example_dags/example_branch_operator.py
[2023-12-23T10:56:44.406+0000] {processor.py:830} INFO - Processing file /home/airflow/.local/lib/python3.8/site-packages/airflow/example_dags/example_branch_operator.py for tasks to queue
[2023-12-23T10:56:44.409+0000] {logging_mixin.py:188} INFO - [2023-12-23T10:56:44.409+0000] {dagbag.py:538} INFO - Filling up the DagBag from /home/airflow/.local/lib/python3.8/site-packages/airflow/example_dags/example_branch_operator.py
[2023-12-23T10:56:44.434+0000] {processor.py:840} INFO - DAG(s) 'example_branch_operator' retrieved from /home/airflow/.local/lib/python3.8/site-packages/airflow/example_dags/example_branch_operator.py
[2023-12-23T10:56:44.448+0000] {logging_mixin.py:188} INFO - [2023-12-23T10:56:44.448+0000] {dag.py:3033} INFO - Sync 1 DAGs
[2023-12-23T10:56:44.482+0000] {logging_mixin.py:188} INFO - [2023-12-23T10:56:44.481+0000] {dag.py:3820} INFO - Setting next_dagrun for example_branch_operator to 2023-12-22T00:00:00+00:00, run_after=2023-12-23T00:00:00+00:00
[2023-12-23T10:56:44.511+0000] {processor.py:183} INFO - Processing /home/airflow/.local/lib/python3.8/site-packages/airflow/example_dags/example_branch_operator.py took 0.110 seconds
[2023-12-23T10:57:15.432+0000] {processor.py:161} INFO - Started process (PID=117) to work on /home/airflow/.local/lib/python3.8/site-packages/airflow/example_dags/example_branch_operator.py
[2023-12-23T10:57:15.433+0000] {processor.py:830} INFO - Processing file /home/airflow/.local/lib/python3.8/site-packages/airflow/example_dags/example_branch_operator.py for tasks to queue
[2023-12-23T10:57:15.436+0000] {logging_mixin.py:188} INFO - [2023-12-23T10:57:15.435+0000] {dagbag.py:538} INFO - Filling up the DagBag from /home/airflow/.local/lib/python3.8/site-packages/airflow/example_dags/example_branch_operator.py
[2023-12-23T10:57:15.457+0000] {processor.py:840} INFO - DAG(s) 'example_branch_operator' retrieved from /home/airflow/.local/lib/python3.8/site-packages/airflow/example_dags/example_branch_operator.py
[2023-12-23T10:57:15.590+0000] {logging_mixin.py:188} INFO - [2023-12-23T10:57:15.589+0000] {dag.py:3033} INFO - Sync 1 DAGs
[2023-12-23T10:57:15.618+0000] {logging_mixin.py:188} INFO - [2023-12-23T10:57:15.617+0000] {dag.py:3820} INFO - Setting next_dagrun for example_branch_operator to 2023-12-22T00:00:00+00:00, run_after=2023-12-23T00:00:00+00:00
[2023-12-23T10:57:15.647+0000] {processor.py:183} INFO - Processing /home/airflow/.local/lib/python3.8/site-packages/airflow/example_dags/example_branch_operator.py took 0.219 seconds
[2023-12-23T10:57:45.883+0000] {processor.py:161} INFO - Started process (PID=172) to work on /home/airflow/.local/lib/python3.8/site-packages/airflow/example_dags/example_branch_operator.py
[2023-12-23T10:57:45.885+0000] {processor.py:830} INFO - Processing file /home/airflow/.local/lib/python3.8/site-packages/airflow/example_dags/example_branch_operator.py for tasks to queue
[2023-12-23T10:57:45.890+0000] {logging_mixin.py:188} INFO - [2023-12-23T10:57:45.890+0000] {dagbag.py:538} INFO - Filling up the DagBag from /home/airflow/.local/lib/python3.8/site-packages/airflow/example_dags/example_branch_operator.py
[2023-12-23T10:57:45.913+0000] {processor.py:840} INFO - DAG(s) 'example_branch_operator' retrieved from /home/airflow/.local/lib/python3.8/site-packages/airflow/example_dags/example_branch_operator.py
[2023-12-23T10:57:45.950+0000] {logging_mixin.py:188} INFO - [2023-12-23T10:57:45.950+0000] {dag.py:3033} INFO - Sync 1 DAGs
[2023-12-23T10:57:45.992+0000] {logging_mixin.py:188} INFO - [2023-12-23T10:57:45.992+0000] {dag.py:3820} INFO - Setting next_dagrun for example_branch_operator to 2023-12-22T00:00:00+00:00, run_after=2023-12-23T00:00:00+00:00
[2023-12-23T10:57:46.028+0000] {processor.py:183} INFO - Processing /home/airflow/.local/lib/python3.8/site-packages/airflow/example_dags/example_branch_operator.py took 0.149 seconds
