[2023-12-23T10:56:41.248+0000] {processor.py:161} INFO - Started process (PID=35) to work on /home/airflow/.local/lib/python3.8/site-packages/airflow/example_dags/example_short_circuit_operator.py
[2023-12-23T10:56:41.249+0000] {processor.py:830} INFO - Processing file /home/airflow/.local/lib/python3.8/site-packages/airflow/example_dags/example_short_circuit_operator.py for tasks to queue
[2023-12-23T10:56:41.253+0000] {logging_mixin.py:188} INFO - [2023-12-23T10:56:41.252+0000] {dagbag.py:538} INFO - Filling up the DagBag from /home/airflow/.local/lib/python3.8/site-packages/airflow/example_dags/example_short_circuit_operator.py
[2023-12-23T10:56:41.266+0000] {processor.py:840} INFO - DAG(s) 'example_short_circuit_operator' retrieved from /home/airflow/.local/lib/python3.8/site-packages/airflow/example_dags/example_short_circuit_operator.py
[2023-12-23T10:56:41.284+0000] {logging_mixin.py:188} INFO - [2023-12-23T10:56:41.284+0000] {dag.py:3033} INFO - Sync 1 DAGs
[2023-12-23T10:56:41.326+0000] {logging_mixin.py:188} INFO - [2023-12-23T10:56:41.325+0000] {dag.py:3820} INFO - Setting next_dagrun for example_short_circuit_operator to 2023-12-22T00:00:00+00:00, run_after=2023-12-23T00:00:00+00:00
[2023-12-23T10:56:41.355+0000] {processor.py:183} INFO - Processing /home/airflow/.local/lib/python3.8/site-packages/airflow/example_dags/example_short_circuit_operator.py took 0.111 seconds
[2023-12-23T10:57:12.156+0000] {processor.py:161} INFO - Started process (PID=90) to work on /home/airflow/.local/lib/python3.8/site-packages/airflow/example_dags/example_short_circuit_operator.py
[2023-12-23T10:57:12.157+0000] {processor.py:830} INFO - Processing file /home/airflow/.local/lib/python3.8/site-packages/airflow/example_dags/example_short_circuit_operator.py for tasks to queue
[2023-12-23T10:57:12.160+0000] {logging_mixin.py:188} INFO - [2023-12-23T10:57:12.160+0000] {dagbag.py:538} INFO - Filling up the DagBag from /home/airflow/.local/lib/python3.8/site-packages/airflow/example_dags/example_short_circuit_operator.py
[2023-12-23T10:57:12.170+0000] {processor.py:840} INFO - DAG(s) 'example_short_circuit_operator' retrieved from /home/airflow/.local/lib/python3.8/site-packages/airflow/example_dags/example_short_circuit_operator.py
[2023-12-23T10:57:12.291+0000] {logging_mixin.py:188} INFO - [2023-12-23T10:57:12.291+0000] {dag.py:3033} INFO - Sync 1 DAGs
[2023-12-23T10:57:12.316+0000] {logging_mixin.py:188} INFO - [2023-12-23T10:57:12.316+0000] {dag.py:3820} INFO - Setting next_dagrun for example_short_circuit_operator to 2023-12-22T00:00:00+00:00, run_after=2023-12-23T00:00:00+00:00
[2023-12-23T10:57:12.342+0000] {processor.py:183} INFO - Processing /home/airflow/.local/lib/python3.8/site-packages/airflow/example_dags/example_short_circuit_operator.py took 0.190 seconds
[2023-12-23T10:57:42.778+0000] {processor.py:161} INFO - Started process (PID=145) to work on /home/airflow/.local/lib/python3.8/site-packages/airflow/example_dags/example_short_circuit_operator.py
[2023-12-23T10:57:42.779+0000] {processor.py:830} INFO - Processing file /home/airflow/.local/lib/python3.8/site-packages/airflow/example_dags/example_short_circuit_operator.py for tasks to queue
[2023-12-23T10:57:42.784+0000] {logging_mixin.py:188} INFO - [2023-12-23T10:57:42.783+0000] {dagbag.py:538} INFO - Filling up the DagBag from /home/airflow/.local/lib/python3.8/site-packages/airflow/example_dags/example_short_circuit_operator.py
[2023-12-23T10:57:42.806+0000] {processor.py:840} INFO - DAG(s) 'example_short_circuit_operator' retrieved from /home/airflow/.local/lib/python3.8/site-packages/airflow/example_dags/example_short_circuit_operator.py
[2023-12-23T10:57:42.844+0000] {logging_mixin.py:188} INFO - [2023-12-23T10:57:42.844+0000] {dag.py:3033} INFO - Sync 1 DAGs
[2023-12-23T10:57:42.878+0000] {logging_mixin.py:188} INFO - [2023-12-23T10:57:42.878+0000] {dag.py:3820} INFO - Setting next_dagrun for example_short_circuit_operator to 2023-12-22T00:00:00+00:00, run_after=2023-12-23T00:00:00+00:00
[2023-12-23T10:57:42.907+0000] {processor.py:183} INFO - Processing /home/airflow/.local/lib/python3.8/site-packages/airflow/example_dags/example_short_circuit_operator.py took 0.135 seconds
