[2023-12-23T10:56:41.538+0000] {processor.py:161} INFO - Started process (PID=39) to work on /home/airflow/.local/lib/python3.8/site-packages/airflow/example_dags/example_subdag_operator.py
[2023-12-23T10:56:41.539+0000] {processor.py:830} INFO - Processing file /home/airflow/.local/lib/python3.8/site-packages/airflow/example_dags/example_subdag_operator.py for tasks to queue
[2023-12-23T10:56:41.550+0000] {logging_mixin.py:188} INFO - [2023-12-23T10:56:41.549+0000] {dagbag.py:538} INFO - Filling up the DagBag from /home/airflow/.local/lib/python3.8/site-packages/airflow/example_dags/example_subdag_operator.py
[2023-12-23T10:56:41.579+0000] {processor.py:840} INFO - DAG(s) 'example_subdag_operator.section-1', 'example_subdag_operator.section-2', 'example_subdag_operator' retrieved from /home/airflow/.local/lib/python3.8/site-packages/airflow/example_dags/example_subdag_operator.py
[2023-12-23T10:56:41.585+0000] {logging_mixin.py:188} INFO - [2023-12-23T10:56:41.584+0000] {dag.py:3033} INFO - Sync 3 DAGs
[2023-12-23T10:56:41.676+0000] {logging_mixin.py:188} INFO - [2023-12-23T10:56:41.675+0000] {dag.py:3820} INFO - Setting next_dagrun for example_subdag_operator to 2022-01-01T00:00:00+00:00, run_after=2022-01-01T00:00:00+00:00
[2023-12-23T10:56:41.682+0000] {logging_mixin.py:188} INFO - [2023-12-23T10:56:41.682+0000] {dag.py:3820} INFO - Setting next_dagrun for example_subdag_operator.section-1 to None, run_after=None
[2023-12-23T10:56:41.687+0000] {logging_mixin.py:188} INFO - [2023-12-23T10:56:41.687+0000] {dag.py:3820} INFO - Setting next_dagrun for example_subdag_operator.section-2 to None, run_after=None
[2023-12-23T10:56:41.721+0000] {logging_mixin.py:188} INFO - [2023-12-23T10:56:41.721+0000] {dag.py:3033} INFO - Sync 2 DAGs
[2023-12-23T10:56:41.749+0000] {logging_mixin.py:188} INFO - [2023-12-23T10:56:41.748+0000] {dag.py:3820} INFO - Setting next_dagrun for example_subdag_operator.section-1 to None, run_after=None
[2023-12-23T10:56:41.756+0000] {logging_mixin.py:188} INFO - [2023-12-23T10:56:41.756+0000] {dag.py:3820} INFO - Setting next_dagrun for example_subdag_operator.section-2 to None, run_after=None
[2023-12-23T10:56:41.844+0000] {processor.py:183} INFO - Processing /home/airflow/.local/lib/python3.8/site-packages/airflow/example_dags/example_subdag_operator.py took 0.311 seconds
[2023-12-23T10:57:12.617+0000] {processor.py:161} INFO - Started process (PID=94) to work on /home/airflow/.local/lib/python3.8/site-packages/airflow/example_dags/example_subdag_operator.py
[2023-12-23T10:57:12.619+0000] {processor.py:830} INFO - Processing file /home/airflow/.local/lib/python3.8/site-packages/airflow/example_dags/example_subdag_operator.py for tasks to queue
[2023-12-23T10:57:12.622+0000] {logging_mixin.py:188} INFO - [2023-12-23T10:57:12.621+0000] {dagbag.py:538} INFO - Filling up the DagBag from /home/airflow/.local/lib/python3.8/site-packages/airflow/example_dags/example_subdag_operator.py
[2023-12-23T10:57:12.654+0000] {processor.py:840} INFO - DAG(s) 'example_subdag_operator.section-1', 'example_subdag_operator.section-2', 'example_subdag_operator' retrieved from /home/airflow/.local/lib/python3.8/site-packages/airflow/example_dags/example_subdag_operator.py
[2023-12-23T10:57:12.763+0000] {logging_mixin.py:188} INFO - [2023-12-23T10:57:12.762+0000] {dag.py:3033} INFO - Sync 3 DAGs
[2023-12-23T10:57:12.788+0000] {logging_mixin.py:188} INFO - [2023-12-23T10:57:12.788+0000] {dag.py:3820} INFO - Setting next_dagrun for example_subdag_operator to 2022-01-01T00:00:00+00:00, run_after=2022-01-01T00:00:00+00:00
[2023-12-23T10:57:12.792+0000] {logging_mixin.py:188} INFO - [2023-12-23T10:57:12.792+0000] {dag.py:3820} INFO - Setting next_dagrun for example_subdag_operator.section-1 to None, run_after=None
[2023-12-23T10:57:12.794+0000] {logging_mixin.py:188} INFO - [2023-12-23T10:57:12.794+0000] {dag.py:3820} INFO - Setting next_dagrun for example_subdag_operator.section-2 to None, run_after=None
[2023-12-23T10:57:12.804+0000] {logging_mixin.py:188} INFO - [2023-12-23T10:57:12.803+0000] {dag.py:3033} INFO - Sync 2 DAGs
[2023-12-23T10:57:12.810+0000] {logging_mixin.py:188} INFO - [2023-12-23T10:57:12.810+0000] {dag.py:3820} INFO - Setting next_dagrun for example_subdag_operator.section-1 to None, run_after=None
[2023-12-23T10:57:12.811+0000] {logging_mixin.py:188} INFO - [2023-12-23T10:57:12.811+0000] {dag.py:3820} INFO - Setting next_dagrun for example_subdag_operator.section-2 to None, run_after=None
[2023-12-23T10:57:12.825+0000] {processor.py:183} INFO - Processing /home/airflow/.local/lib/python3.8/site-packages/airflow/example_dags/example_subdag_operator.py took 0.212 seconds
[2023-12-23T10:57:43.175+0000] {processor.py:161} INFO - Started process (PID=149) to work on /home/airflow/.local/lib/python3.8/site-packages/airflow/example_dags/example_subdag_operator.py
[2023-12-23T10:57:43.176+0000] {processor.py:830} INFO - Processing file /home/airflow/.local/lib/python3.8/site-packages/airflow/example_dags/example_subdag_operator.py for tasks to queue
[2023-12-23T10:57:43.179+0000] {logging_mixin.py:188} INFO - [2023-12-23T10:57:43.179+0000] {dagbag.py:538} INFO - Filling up the DagBag from /home/airflow/.local/lib/python3.8/site-packages/airflow/example_dags/example_subdag_operator.py
[2023-12-23T10:57:43.207+0000] {processor.py:840} INFO - DAG(s) 'example_subdag_operator.section-1', 'example_subdag_operator.section-2', 'example_subdag_operator' retrieved from /home/airflow/.local/lib/python3.8/site-packages/airflow/example_dags/example_subdag_operator.py
[2023-12-23T10:57:43.226+0000] {logging_mixin.py:188} INFO - [2023-12-23T10:57:43.226+0000] {dag.py:3033} INFO - Sync 3 DAGs
[2023-12-23T10:57:43.252+0000] {logging_mixin.py:188} INFO - [2023-12-23T10:57:43.252+0000] {dag.py:3820} INFO - Setting next_dagrun for example_subdag_operator to 2022-01-01T00:00:00+00:00, run_after=2022-01-01T00:00:00+00:00
[2023-12-23T10:57:43.257+0000] {logging_mixin.py:188} INFO - [2023-12-23T10:57:43.256+0000] {dag.py:3820} INFO - Setting next_dagrun for example_subdag_operator.section-1 to None, run_after=None
[2023-12-23T10:57:43.259+0000] {logging_mixin.py:188} INFO - [2023-12-23T10:57:43.259+0000] {dag.py:3820} INFO - Setting next_dagrun for example_subdag_operator.section-2 to None, run_after=None
[2023-12-23T10:57:43.267+0000] {logging_mixin.py:188} INFO - [2023-12-23T10:57:43.267+0000] {dag.py:3033} INFO - Sync 2 DAGs
[2023-12-23T10:57:43.273+0000] {logging_mixin.py:188} INFO - [2023-12-23T10:57:43.273+0000] {dag.py:3820} INFO - Setting next_dagrun for example_subdag_operator.section-1 to None, run_after=None
[2023-12-23T10:57:43.274+0000] {logging_mixin.py:188} INFO - [2023-12-23T10:57:43.274+0000] {dag.py:3820} INFO - Setting next_dagrun for example_subdag_operator.section-2 to None, run_after=None
[2023-12-23T10:57:43.289+0000] {processor.py:183} INFO - Processing /home/airflow/.local/lib/python3.8/site-packages/airflow/example_dags/example_subdag_operator.py took 0.118 seconds
