[2023-12-23T10:56:40.939+0000] {processor.py:161} INFO - Started process (PID=32) to work on /home/airflow/.local/lib/python3.8/site-packages/airflow/example_dags/example_sensor_decorator.py
[2023-12-23T10:56:40.948+0000] {processor.py:830} INFO - Processing file /home/airflow/.local/lib/python3.8/site-packages/airflow/example_dags/example_sensor_decorator.py for tasks to queue
[2023-12-23T10:56:40.955+0000] {logging_mixin.py:188} INFO - [2023-12-23T10:56:40.955+0000] {dagbag.py:538} INFO - Filling up the DagBag from /home/airflow/.local/lib/python3.8/site-packages/airflow/example_dags/example_sensor_decorator.py
[2023-12-23T10:56:40.975+0000] {processor.py:840} INFO - DAG(s) 'example_sensor_decorator' retrieved from /home/airflow/.local/lib/python3.8/site-packages/airflow/example_dags/example_sensor_decorator.py
[2023-12-23T10:56:41.037+0000] {logging_mixin.py:188} INFO - [2023-12-23T10:56:41.037+0000] {dag.py:3033} INFO - Sync 1 DAGs
[2023-12-23T10:56:41.066+0000] {logging_mixin.py:188} INFO - [2023-12-23T10:56:41.066+0000] {dag.py:3820} INFO - Setting next_dagrun for example_sensor_decorator to None, run_after=None
[2023-12-23T10:56:41.099+0000] {processor.py:183} INFO - Processing /home/airflow/.local/lib/python3.8/site-packages/airflow/example_dags/example_sensor_decorator.py took 0.167 seconds
[2023-12-23T10:57:11.620+0000] {processor.py:161} INFO - Started process (PID=87) to work on /home/airflow/.local/lib/python3.8/site-packages/airflow/example_dags/example_sensor_decorator.py
[2023-12-23T10:57:11.622+0000] {processor.py:830} INFO - Processing file /home/airflow/.local/lib/python3.8/site-packages/airflow/example_dags/example_sensor_decorator.py for tasks to queue
[2023-12-23T10:57:11.625+0000] {logging_mixin.py:188} INFO - [2023-12-23T10:57:11.625+0000] {dagbag.py:538} INFO - Filling up the DagBag from /home/airflow/.local/lib/python3.8/site-packages/airflow/example_dags/example_sensor_decorator.py
[2023-12-23T10:57:11.635+0000] {processor.py:840} INFO - DAG(s) 'example_sensor_decorator' retrieved from /home/airflow/.local/lib/python3.8/site-packages/airflow/example_dags/example_sensor_decorator.py
[2023-12-23T10:57:11.867+0000] {logging_mixin.py:188} INFO - [2023-12-23T10:57:11.867+0000] {dag.py:3033} INFO - Sync 1 DAGs
[2023-12-23T10:57:11.883+0000] {logging_mixin.py:188} INFO - [2023-12-23T10:57:11.883+0000] {dag.py:3820} INFO - Setting next_dagrun for example_sensor_decorator to None, run_after=None
[2023-12-23T10:57:11.912+0000] {processor.py:183} INFO - Processing /home/airflow/.local/lib/python3.8/site-packages/airflow/example_dags/example_sensor_decorator.py took 0.301 seconds
[2023-12-23T10:57:42.433+0000] {processor.py:161} INFO - Started process (PID=142) to work on /home/airflow/.local/lib/python3.8/site-packages/airflow/example_dags/example_sensor_decorator.py
[2023-12-23T10:57:42.435+0000] {processor.py:830} INFO - Processing file /home/airflow/.local/lib/python3.8/site-packages/airflow/example_dags/example_sensor_decorator.py for tasks to queue
[2023-12-23T10:57:42.443+0000] {logging_mixin.py:188} INFO - [2023-12-23T10:57:42.443+0000] {dagbag.py:538} INFO - Filling up the DagBag from /home/airflow/.local/lib/python3.8/site-packages/airflow/example_dags/example_sensor_decorator.py
[2023-12-23T10:57:42.467+0000] {processor.py:840} INFO - DAG(s) 'example_sensor_decorator' retrieved from /home/airflow/.local/lib/python3.8/site-packages/airflow/example_dags/example_sensor_decorator.py
[2023-12-23T10:57:42.509+0000] {logging_mixin.py:188} INFO - [2023-12-23T10:57:42.508+0000] {dag.py:3033} INFO - Sync 1 DAGs
[2023-12-23T10:57:42.526+0000] {logging_mixin.py:188} INFO - [2023-12-23T10:57:42.526+0000] {dag.py:3820} INFO - Setting next_dagrun for example_sensor_decorator to None, run_after=None
[2023-12-23T10:57:42.559+0000] {processor.py:183} INFO - Processing /home/airflow/.local/lib/python3.8/site-packages/airflow/example_dags/example_sensor_decorator.py took 0.137 seconds
