[2023-12-23T10:56:43.749+0000] {processor.py:161} INFO - Started process (PID=58) to work on /home/airflow/.local/lib/python3.8/site-packages/airflow/example_dags/example_dag_decorator.py
[2023-12-23T10:56:43.751+0000] {processor.py:830} INFO - Processing file /home/airflow/.local/lib/python3.8/site-packages/airflow/example_dags/example_dag_decorator.py for tasks to queue
[2023-12-23T10:56:43.757+0000] {logging_mixin.py:188} INFO - [2023-12-23T10:56:43.757+0000] {dagbag.py:538} INFO - Filling up the DagBag from /home/airflow/.local/lib/python3.8/site-packages/airflow/example_dags/example_dag_decorator.py
[2023-12-23T10:56:44.153+0000] {processor.py:840} INFO - DAG(s) 'example_dag_decorator' retrieved from /home/airflow/.local/lib/python3.8/site-packages/airflow/example_dags/example_dag_decorator.py
[2023-12-23T10:56:44.183+0000] {logging_mixin.py:188} INFO - [2023-12-23T10:56:44.183+0000] {dag.py:3033} INFO - Sync 1 DAGs
[2023-12-23T10:56:44.210+0000] {logging_mixin.py:188} INFO - [2023-12-23T10:56:44.210+0000] {dag.py:3820} INFO - Setting next_dagrun for example_dag_decorator to None, run_after=None
[2023-12-23T10:56:44.254+0000] {processor.py:183} INFO - Processing /home/airflow/.local/lib/python3.8/site-packages/airflow/example_dags/example_dag_decorator.py took 0.509 seconds
[2023-12-23T10:57:14.941+0000] {processor.py:161} INFO - Started process (PID=113) to work on /home/airflow/.local/lib/python3.8/site-packages/airflow/example_dags/example_dag_decorator.py
[2023-12-23T10:57:14.942+0000] {processor.py:830} INFO - Processing file /home/airflow/.local/lib/python3.8/site-packages/airflow/example_dags/example_dag_decorator.py for tasks to queue
[2023-12-23T10:57:14.945+0000] {logging_mixin.py:188} INFO - [2023-12-23T10:57:14.945+0000] {dagbag.py:538} INFO - Filling up the DagBag from /home/airflow/.local/lib/python3.8/site-packages/airflow/example_dags/example_dag_decorator.py
[2023-12-23T10:57:15.089+0000] {processor.py:840} INFO - DAG(s) 'example_dag_decorator' retrieved from /home/airflow/.local/lib/python3.8/site-packages/airflow/example_dags/example_dag_decorator.py
[2023-12-23T10:57:15.226+0000] {logging_mixin.py:188} INFO - [2023-12-23T10:57:15.226+0000] {dag.py:3033} INFO - Sync 1 DAGs
[2023-12-23T10:57:15.239+0000] {logging_mixin.py:188} INFO - [2023-12-23T10:57:15.239+0000] {dag.py:3820} INFO - Setting next_dagrun for example_dag_decorator to None, run_after=None
[2023-12-23T10:57:15.268+0000] {processor.py:183} INFO - Processing /home/airflow/.local/lib/python3.8/site-packages/airflow/example_dags/example_dag_decorator.py took 0.332 seconds
[2023-12-23T10:57:45.540+0000] {processor.py:161} INFO - Started process (PID=168) to work on /home/airflow/.local/lib/python3.8/site-packages/airflow/example_dags/example_dag_decorator.py
[2023-12-23T10:57:45.541+0000] {processor.py:830} INFO - Processing file /home/airflow/.local/lib/python3.8/site-packages/airflow/example_dags/example_dag_decorator.py for tasks to queue
[2023-12-23T10:57:45.545+0000] {logging_mixin.py:188} INFO - [2023-12-23T10:57:45.544+0000] {dagbag.py:538} INFO - Filling up the DagBag from /home/airflow/.local/lib/python3.8/site-packages/airflow/example_dags/example_dag_decorator.py
[2023-12-23T10:57:45.653+0000] {processor.py:840} INFO - DAG(s) 'example_dag_decorator' retrieved from /home/airflow/.local/lib/python3.8/site-packages/airflow/example_dags/example_dag_decorator.py
[2023-12-23T10:57:45.799+0000] {logging_mixin.py:188} INFO - [2023-12-23T10:57:45.799+0000] {dag.py:3033} INFO - Sync 1 DAGs
[2023-12-23T10:57:45.816+0000] {logging_mixin.py:188} INFO - [2023-12-23T10:57:45.816+0000] {dag.py:3820} INFO - Setting next_dagrun for example_dag_decorator to None, run_after=None
[2023-12-23T10:57:45.850+0000] {processor.py:183} INFO - Processing /home/airflow/.local/lib/python3.8/site-packages/airflow/example_dags/example_dag_decorator.py took 0.313 seconds
