[2023-12-23T10:56:44.415+0000] {processor.py:161} INFO - Started process (PID=63) to work on /home/airflow/.local/lib/python3.8/site-packages/airflow/example_dags/example_python_operator.py
[2023-12-23T10:56:44.416+0000] {processor.py:830} INFO - Processing file /home/airflow/.local/lib/python3.8/site-packages/airflow/example_dags/example_python_operator.py for tasks to queue
[2023-12-23T10:56:44.420+0000] {logging_mixin.py:188} INFO - [2023-12-23T10:56:44.419+0000] {dagbag.py:538} INFO - Filling up the DagBag from /home/airflow/.local/lib/python3.8/site-packages/airflow/example_dags/example_python_operator.py
[2023-12-23T10:56:44.458+0000] {processor.py:840} INFO - DAG(s) 'example_python_operator' retrieved from /home/airflow/.local/lib/python3.8/site-packages/airflow/example_dags/example_python_operator.py
[2023-12-23T10:56:44.490+0000] {logging_mixin.py:188} INFO - [2023-12-23T10:56:44.489+0000] {dag.py:3033} INFO - Sync 1 DAGs
[2023-12-23T10:56:44.514+0000] {logging_mixin.py:188} INFO - [2023-12-23T10:56:44.514+0000] {dag.py:3820} INFO - Setting next_dagrun for example_python_operator to None, run_after=None
[2023-12-23T10:56:44.564+0000] {processor.py:183} INFO - Processing /home/airflow/.local/lib/python3.8/site-packages/airflow/example_dags/example_python_operator.py took 0.153 seconds
[2023-12-23T10:57:15.491+0000] {processor.py:161} INFO - Started process (PID=118) to work on /home/airflow/.local/lib/python3.8/site-packages/airflow/example_dags/example_python_operator.py
[2023-12-23T10:57:15.492+0000] {processor.py:830} INFO - Processing file /home/airflow/.local/lib/python3.8/site-packages/airflow/example_dags/example_python_operator.py for tasks to queue
[2023-12-23T10:57:15.495+0000] {logging_mixin.py:188} INFO - [2023-12-23T10:57:15.494+0000] {dagbag.py:538} INFO - Filling up the DagBag from /home/airflow/.local/lib/python3.8/site-packages/airflow/example_dags/example_python_operator.py
[2023-12-23T10:57:15.508+0000] {processor.py:840} INFO - DAG(s) 'example_python_operator' retrieved from /home/airflow/.local/lib/python3.8/site-packages/airflow/example_dags/example_python_operator.py
[2023-12-23T10:57:15.641+0000] {logging_mixin.py:188} INFO - [2023-12-23T10:57:15.641+0000] {dag.py:3033} INFO - Sync 1 DAGs
[2023-12-23T10:57:15.656+0000] {logging_mixin.py:188} INFO - [2023-12-23T10:57:15.656+0000] {dag.py:3820} INFO - Setting next_dagrun for example_python_operator to None, run_after=None
[2023-12-23T10:57:15.684+0000] {processor.py:183} INFO - Processing /home/airflow/.local/lib/python3.8/site-packages/airflow/example_dags/example_python_operator.py took 0.198 seconds
[2023-12-23T10:57:45.964+0000] {processor.py:161} INFO - Started process (PID=173) to work on /home/airflow/.local/lib/python3.8/site-packages/airflow/example_dags/example_python_operator.py
[2023-12-23T10:57:45.966+0000] {processor.py:830} INFO - Processing file /home/airflow/.local/lib/python3.8/site-packages/airflow/example_dags/example_python_operator.py for tasks to queue
[2023-12-23T10:57:45.969+0000] {logging_mixin.py:188} INFO - [2023-12-23T10:57:45.968+0000] {dagbag.py:538} INFO - Filling up the DagBag from /home/airflow/.local/lib/python3.8/site-packages/airflow/example_dags/example_python_operator.py
[2023-12-23T10:57:45.985+0000] {processor.py:840} INFO - DAG(s) 'example_python_operator' retrieved from /home/airflow/.local/lib/python3.8/site-packages/airflow/example_dags/example_python_operator.py
[2023-12-23T10:57:46.016+0000] {logging_mixin.py:188} INFO - [2023-12-23T10:57:46.016+0000] {dag.py:3033} INFO - Sync 1 DAGs
[2023-12-23T10:57:46.033+0000] {logging_mixin.py:188} INFO - [2023-12-23T10:57:46.033+0000] {dag.py:3820} INFO - Setting next_dagrun for example_python_operator to None, run_after=None
[2023-12-23T10:57:46.063+0000] {processor.py:183} INFO - Processing /home/airflow/.local/lib/python3.8/site-packages/airflow/example_dags/example_python_operator.py took 0.104 seconds
