[2023-12-23T10:56:44.879+0000] {processor.py:161} INFO - Started process (PID=69) to work on /home/airflow/.local/lib/python3.8/site-packages/airflow/example_dags/example_setup_teardown.py
[2023-12-23T10:56:44.880+0000] {processor.py:830} INFO - Processing file /home/airflow/.local/lib/python3.8/site-packages/airflow/example_dags/example_setup_teardown.py for tasks to queue
[2023-12-23T10:56:44.884+0000] {logging_mixin.py:188} INFO - [2023-12-23T10:56:44.883+0000] {dagbag.py:538} INFO - Filling up the DagBag from /home/airflow/.local/lib/python3.8/site-packages/airflow/example_dags/example_setup_teardown.py
[2023-12-23T10:56:44.893+0000] {processor.py:840} INFO - DAG(s) 'example_setup_teardown' retrieved from /home/airflow/.local/lib/python3.8/site-packages/airflow/example_dags/example_setup_teardown.py
[2023-12-23T10:56:44.909+0000] {logging_mixin.py:188} INFO - [2023-12-23T10:56:44.909+0000] {dag.py:3033} INFO - Sync 1 DAGs
[2023-12-23T10:56:44.941+0000] {logging_mixin.py:188} INFO - [2023-12-23T10:56:44.941+0000] {dag.py:3820} INFO - Setting next_dagrun for example_setup_teardown to 2023-12-22T00:00:00+00:00, run_after=2023-12-23T00:00:00+00:00
[2023-12-23T10:56:44.969+0000] {processor.py:183} INFO - Processing /home/airflow/.local/lib/python3.8/site-packages/airflow/example_dags/example_setup_teardown.py took 0.095 seconds
[2023-12-23T10:57:16.176+0000] {processor.py:161} INFO - Started process (PID=124) to work on /home/airflow/.local/lib/python3.8/site-packages/airflow/example_dags/example_setup_teardown.py
[2023-12-23T10:57:16.178+0000] {processor.py:830} INFO - Processing file /home/airflow/.local/lib/python3.8/site-packages/airflow/example_dags/example_setup_teardown.py for tasks to queue
[2023-12-23T10:57:16.181+0000] {logging_mixin.py:188} INFO - [2023-12-23T10:57:16.180+0000] {dagbag.py:538} INFO - Filling up the DagBag from /home/airflow/.local/lib/python3.8/site-packages/airflow/example_dags/example_setup_teardown.py
[2023-12-23T10:57:16.190+0000] {processor.py:840} INFO - DAG(s) 'example_setup_teardown' retrieved from /home/airflow/.local/lib/python3.8/site-packages/airflow/example_dags/example_setup_teardown.py
[2023-12-23T10:57:16.310+0000] {logging_mixin.py:188} INFO - [2023-12-23T10:57:16.310+0000] {dag.py:3033} INFO - Sync 1 DAGs
[2023-12-23T10:57:16.333+0000] {logging_mixin.py:188} INFO - [2023-12-23T10:57:16.333+0000] {dag.py:3820} INFO - Setting next_dagrun for example_setup_teardown to 2023-12-22T00:00:00+00:00, run_after=2023-12-23T00:00:00+00:00
[2023-12-23T10:57:16.357+0000] {processor.py:183} INFO - Processing /home/airflow/.local/lib/python3.8/site-packages/airflow/example_dags/example_setup_teardown.py took 0.185 seconds
[2023-12-23T10:57:46.399+0000] {processor.py:161} INFO - Started process (PID=179) to work on /home/airflow/.local/lib/python3.8/site-packages/airflow/example_dags/example_setup_teardown.py
[2023-12-23T10:57:46.400+0000] {processor.py:830} INFO - Processing file /home/airflow/.local/lib/python3.8/site-packages/airflow/example_dags/example_setup_teardown.py for tasks to queue
[2023-12-23T10:57:46.402+0000] {logging_mixin.py:188} INFO - [2023-12-23T10:57:46.402+0000] {dagbag.py:538} INFO - Filling up the DagBag from /home/airflow/.local/lib/python3.8/site-packages/airflow/example_dags/example_setup_teardown.py
[2023-12-23T10:57:46.411+0000] {processor.py:840} INFO - DAG(s) 'example_setup_teardown' retrieved from /home/airflow/.local/lib/python3.8/site-packages/airflow/example_dags/example_setup_teardown.py
[2023-12-23T10:57:46.442+0000] {logging_mixin.py:188} INFO - [2023-12-23T10:57:46.442+0000] {dag.py:3033} INFO - Sync 1 DAGs
[2023-12-23T10:57:46.476+0000] {logging_mixin.py:188} INFO - [2023-12-23T10:57:46.476+0000] {dag.py:3820} INFO - Setting next_dagrun for example_setup_teardown to 2023-12-22T00:00:00+00:00, run_after=2023-12-23T00:00:00+00:00
[2023-12-23T10:57:46.503+0000] {processor.py:183} INFO - Processing /home/airflow/.local/lib/python3.8/site-packages/airflow/example_dags/example_setup_teardown.py took 0.110 seconds
