[2023-12-23T10:56:40.868+0000] {processor.py:161} INFO - Started process (PID=31) to work on /home/airflow/.local/lib/python3.8/site-packages/airflow/example_dags/example_skip_dag.py
[2023-12-23T10:56:40.877+0000] {processor.py:830} INFO - Processing file /home/airflow/.local/lib/python3.8/site-packages/airflow/example_dags/example_skip_dag.py for tasks to queue
[2023-12-23T10:56:40.886+0000] {logging_mixin.py:188} INFO - [2023-12-23T10:56:40.885+0000] {dagbag.py:538} INFO - Filling up the DagBag from /home/airflow/.local/lib/python3.8/site-packages/airflow/example_dags/example_skip_dag.py
[2023-12-23T10:56:40.902+0000] {processor.py:840} INFO - DAG(s) 'example_skip_dag' retrieved from /home/airflow/.local/lib/python3.8/site-packages/airflow/example_dags/example_skip_dag.py
[2023-12-23T10:56:40.941+0000] {logging_mixin.py:188} INFO - [2023-12-23T10:56:40.941+0000] {dag.py:3033} INFO - Sync 1 DAGs
[2023-12-23T10:56:40.978+0000] {logging_mixin.py:188} INFO - [2023-12-23T10:56:40.977+0000] {dag.py:3820} INFO - Setting next_dagrun for example_skip_dag to 2023-12-22T00:00:00+00:00, run_after=2023-12-23T00:00:00+00:00
[2023-12-23T10:56:41.028+0000] {processor.py:183} INFO - Processing /home/airflow/.local/lib/python3.8/site-packages/airflow/example_dags/example_skip_dag.py took 0.165 seconds
[2023-12-23T10:57:11.609+0000] {processor.py:161} INFO - Started process (PID=86) to work on /home/airflow/.local/lib/python3.8/site-packages/airflow/example_dags/example_skip_dag.py
[2023-12-23T10:57:11.612+0000] {processor.py:830} INFO - Processing file /home/airflow/.local/lib/python3.8/site-packages/airflow/example_dags/example_skip_dag.py for tasks to queue
[2023-12-23T10:57:11.617+0000] {logging_mixin.py:188} INFO - [2023-12-23T10:57:11.616+0000] {dagbag.py:538} INFO - Filling up the DagBag from /home/airflow/.local/lib/python3.8/site-packages/airflow/example_dags/example_skip_dag.py
[2023-12-23T10:57:11.629+0000] {processor.py:840} INFO - DAG(s) 'example_skip_dag' retrieved from /home/airflow/.local/lib/python3.8/site-packages/airflow/example_dags/example_skip_dag.py
[2023-12-23T10:57:11.867+0000] {logging_mixin.py:188} INFO - [2023-12-23T10:57:11.867+0000] {dag.py:3033} INFO - Sync 1 DAGs
[2023-12-23T10:57:11.899+0000] {logging_mixin.py:188} INFO - [2023-12-23T10:57:11.898+0000] {dag.py:3820} INFO - Setting next_dagrun for example_skip_dag to 2023-12-22T00:00:00+00:00, run_after=2023-12-23T00:00:00+00:00
[2023-12-23T10:57:11.925+0000] {processor.py:183} INFO - Processing /home/airflow/.local/lib/python3.8/site-packages/airflow/example_dags/example_skip_dag.py took 0.325 seconds
[2023-12-23T10:57:42.424+0000] {processor.py:161} INFO - Started process (PID=141) to work on /home/airflow/.local/lib/python3.8/site-packages/airflow/example_dags/example_skip_dag.py
[2023-12-23T10:57:42.427+0000] {processor.py:830} INFO - Processing file /home/airflow/.local/lib/python3.8/site-packages/airflow/example_dags/example_skip_dag.py for tasks to queue
[2023-12-23T10:57:42.437+0000] {logging_mixin.py:188} INFO - [2023-12-23T10:57:42.433+0000] {dagbag.py:538} INFO - Filling up the DagBag from /home/airflow/.local/lib/python3.8/site-packages/airflow/example_dags/example_skip_dag.py
[2023-12-23T10:57:42.464+0000] {processor.py:840} INFO - DAG(s) 'example_skip_dag' retrieved from /home/airflow/.local/lib/python3.8/site-packages/airflow/example_dags/example_skip_dag.py
[2023-12-23T10:57:42.506+0000] {logging_mixin.py:188} INFO - [2023-12-23T10:57:42.506+0000] {dag.py:3033} INFO - Sync 1 DAGs
[2023-12-23T10:57:42.541+0000] {logging_mixin.py:188} INFO - [2023-12-23T10:57:42.541+0000] {dag.py:3820} INFO - Setting next_dagrun for example_skip_dag to 2023-12-22T00:00:00+00:00, run_after=2023-12-23T00:00:00+00:00
[2023-12-23T10:57:42.570+0000] {processor.py:183} INFO - Processing /home/airflow/.local/lib/python3.8/site-packages/airflow/example_dags/example_skip_dag.py took 0.158 seconds
