[2023-12-23T10:56:42.136+0000] {processor.py:161} INFO - Started process (PID=44) to work on /home/airflow/.local/lib/python3.8/site-packages/airflow/example_dags/example_branch_python_dop_operator_3.py
[2023-12-23T10:56:42.138+0000] {processor.py:830} INFO - Processing file /home/airflow/.local/lib/python3.8/site-packages/airflow/example_dags/example_branch_python_dop_operator_3.py for tasks to queue
[2023-12-23T10:56:42.142+0000] {logging_mixin.py:188} INFO - [2023-12-23T10:56:42.141+0000] {dagbag.py:538} INFO - Filling up the DagBag from /home/airflow/.local/lib/python3.8/site-packages/airflow/example_dags/example_branch_python_dop_operator_3.py
[2023-12-23T10:56:42.154+0000] {processor.py:840} INFO - DAG(s) 'example_branch_dop_operator_v3' retrieved from /home/airflow/.local/lib/python3.8/site-packages/airflow/example_dags/example_branch_python_dop_operator_3.py
[2023-12-23T10:56:42.188+0000] {logging_mixin.py:188} INFO - [2023-12-23T10:56:42.188+0000] {dag.py:3033} INFO - Sync 1 DAGs
[2023-12-23T10:56:42.234+0000] {logging_mixin.py:188} INFO - [2023-12-23T10:56:42.233+0000] {dag.py:3820} INFO - Setting next_dagrun for example_branch_dop_operator_v3 to 2023-12-23T10:55:00+00:00, run_after=2023-12-23T10:56:00+00:00
[2023-12-23T10:56:42.284+0000] {processor.py:183} INFO - Processing /home/airflow/.local/lib/python3.8/site-packages/airflow/example_dags/example_branch_python_dop_operator_3.py took 0.152 seconds
[2023-12-23T10:57:13.278+0000] {processor.py:161} INFO - Started process (PID=99) to work on /home/airflow/.local/lib/python3.8/site-packages/airflow/example_dags/example_branch_python_dop_operator_3.py
[2023-12-23T10:57:13.279+0000] {processor.py:830} INFO - Processing file /home/airflow/.local/lib/python3.8/site-packages/airflow/example_dags/example_branch_python_dop_operator_3.py for tasks to queue
[2023-12-23T10:57:13.282+0000] {logging_mixin.py:188} INFO - [2023-12-23T10:57:13.281+0000] {dagbag.py:538} INFO - Filling up the DagBag from /home/airflow/.local/lib/python3.8/site-packages/airflow/example_dags/example_branch_python_dop_operator_3.py
[2023-12-23T10:57:13.296+0000] {processor.py:840} INFO - DAG(s) 'example_branch_dop_operator_v3' retrieved from /home/airflow/.local/lib/python3.8/site-packages/airflow/example_dags/example_branch_python_dop_operator_3.py
[2023-12-23T10:57:13.412+0000] {logging_mixin.py:188} INFO - [2023-12-23T10:57:13.411+0000] {dag.py:3033} INFO - Sync 1 DAGs
[2023-12-23T10:57:13.441+0000] {logging_mixin.py:188} INFO - [2023-12-23T10:57:13.441+0000] {dag.py:3820} INFO - Setting next_dagrun for example_branch_dop_operator_v3 to 2023-12-23T10:56:00+00:00, run_after=2023-12-23T10:57:00+00:00
[2023-12-23T10:57:13.467+0000] {processor.py:183} INFO - Processing /home/airflow/.local/lib/python3.8/site-packages/airflow/example_dags/example_branch_python_dop_operator_3.py took 0.193 seconds
[2023-12-23T10:57:43.527+0000] {processor.py:161} INFO - Started process (PID=154) to work on /home/airflow/.local/lib/python3.8/site-packages/airflow/example_dags/example_branch_python_dop_operator_3.py
[2023-12-23T10:57:43.528+0000] {processor.py:830} INFO - Processing file /home/airflow/.local/lib/python3.8/site-packages/airflow/example_dags/example_branch_python_dop_operator_3.py for tasks to queue
[2023-12-23T10:57:43.531+0000] {logging_mixin.py:188} INFO - [2023-12-23T10:57:43.530+0000] {dagbag.py:538} INFO - Filling up the DagBag from /home/airflow/.local/lib/python3.8/site-packages/airflow/example_dags/example_branch_python_dop_operator_3.py
[2023-12-23T10:57:43.541+0000] {processor.py:840} INFO - DAG(s) 'example_branch_dop_operator_v3' retrieved from /home/airflow/.local/lib/python3.8/site-packages/airflow/example_dags/example_branch_python_dop_operator_3.py
[2023-12-23T10:57:43.564+0000] {logging_mixin.py:188} INFO - [2023-12-23T10:57:43.564+0000] {dag.py:3033} INFO - Sync 1 DAGs
[2023-12-23T10:57:43.596+0000] {logging_mixin.py:188} INFO - [2023-12-23T10:57:43.596+0000] {dag.py:3820} INFO - Setting next_dagrun for example_branch_dop_operator_v3 to 2023-12-23T10:56:00+00:00, run_after=2023-12-23T10:57:00+00:00
[2023-12-23T10:57:43.631+0000] {processor.py:183} INFO - Processing /home/airflow/.local/lib/python3.8/site-packages/airflow/example_dags/example_branch_python_dop_operator_3.py took 0.109 seconds
