[2023-12-23T10:56:42.851+0000] {processor.py:161} INFO - Started process (PID=50) to work on /home/airflow/.local/lib/python3.8/site-packages/airflow/example_dags/example_task_group.py
[2023-12-23T10:56:42.863+0000] {processor.py:830} INFO - Processing file /home/airflow/.local/lib/python3.8/site-packages/airflow/example_dags/example_task_group.py for tasks to queue
[2023-12-23T10:56:42.878+0000] {logging_mixin.py:188} INFO - [2023-12-23T10:56:42.877+0000] {dagbag.py:538} INFO - Filling up the DagBag from /home/airflow/.local/lib/python3.8/site-packages/airflow/example_dags/example_task_group.py
[2023-12-23T10:56:42.892+0000] {processor.py:840} INFO - DAG(s) 'example_task_group' retrieved from /home/airflow/.local/lib/python3.8/site-packages/airflow/example_dags/example_task_group.py
[2023-12-23T10:56:42.913+0000] {logging_mixin.py:188} INFO - [2023-12-23T10:56:42.912+0000] {dag.py:3033} INFO - Sync 1 DAGs
[2023-12-23T10:56:42.984+0000] {logging_mixin.py:188} INFO - [2023-12-23T10:56:42.982+0000] {dag.py:3820} INFO - Setting next_dagrun for example_task_group to 2023-12-22T00:00:00+00:00, run_after=2023-12-23T00:00:00+00:00
[2023-12-23T10:56:43.035+0000] {processor.py:183} INFO - Processing /home/airflow/.local/lib/python3.8/site-packages/airflow/example_dags/example_task_group.py took 0.189 seconds
[2023-12-23T10:57:13.951+0000] {processor.py:161} INFO - Started process (PID=105) to work on /home/airflow/.local/lib/python3.8/site-packages/airflow/example_dags/example_task_group.py
[2023-12-23T10:57:13.952+0000] {processor.py:830} INFO - Processing file /home/airflow/.local/lib/python3.8/site-packages/airflow/example_dags/example_task_group.py for tasks to queue
[2023-12-23T10:57:13.957+0000] {logging_mixin.py:188} INFO - [2023-12-23T10:57:13.956+0000] {dagbag.py:538} INFO - Filling up the DagBag from /home/airflow/.local/lib/python3.8/site-packages/airflow/example_dags/example_task_group.py
[2023-12-23T10:57:13.967+0000] {processor.py:840} INFO - DAG(s) 'example_task_group' retrieved from /home/airflow/.local/lib/python3.8/site-packages/airflow/example_dags/example_task_group.py
[2023-12-23T10:57:14.096+0000] {logging_mixin.py:188} INFO - [2023-12-23T10:57:14.096+0000] {dag.py:3033} INFO - Sync 1 DAGs
[2023-12-23T10:57:14.123+0000] {logging_mixin.py:188} INFO - [2023-12-23T10:57:14.123+0000] {dag.py:3820} INFO - Setting next_dagrun for example_task_group to 2023-12-22T00:00:00+00:00, run_after=2023-12-23T00:00:00+00:00
[2023-12-23T10:57:14.168+0000] {processor.py:183} INFO - Processing /home/airflow/.local/lib/python3.8/site-packages/airflow/example_dags/example_task_group.py took 0.221 seconds
[2023-12-23T10:57:45.055+0000] {processor.py:161} INFO - Started process (PID=160) to work on /home/airflow/.local/lib/python3.8/site-packages/airflow/example_dags/example_task_group.py
[2023-12-23T10:57:45.056+0000] {processor.py:830} INFO - Processing file /home/airflow/.local/lib/python3.8/site-packages/airflow/example_dags/example_task_group.py for tasks to queue
[2023-12-23T10:57:45.059+0000] {logging_mixin.py:188} INFO - [2023-12-23T10:57:45.058+0000] {dagbag.py:538} INFO - Filling up the DagBag from /home/airflow/.local/lib/python3.8/site-packages/airflow/example_dags/example_task_group.py
[2023-12-23T10:57:45.067+0000] {processor.py:840} INFO - DAG(s) 'example_task_group' retrieved from /home/airflow/.local/lib/python3.8/site-packages/airflow/example_dags/example_task_group.py
[2023-12-23T10:57:45.103+0000] {logging_mixin.py:188} INFO - [2023-12-23T10:57:45.103+0000] {dag.py:3033} INFO - Sync 1 DAGs
[2023-12-23T10:57:45.133+0000] {logging_mixin.py:188} INFO - [2023-12-23T10:57:45.133+0000] {dag.py:3820} INFO - Setting next_dagrun for example_task_group to 2023-12-22T00:00:00+00:00, run_after=2023-12-23T00:00:00+00:00
[2023-12-23T10:57:45.166+0000] {processor.py:183} INFO - Processing /home/airflow/.local/lib/python3.8/site-packages/airflow/example_dags/example_task_group.py took 0.115 seconds
