[2023-12-23T10:56:42.329+0000] {processor.py:161} INFO - Started process (PID=46) to work on /home/airflow/.local/lib/python3.8/site-packages/airflow/example_dags/example_branch_labels.py
[2023-12-23T10:56:42.330+0000] {processor.py:830} INFO - Processing file /home/airflow/.local/lib/python3.8/site-packages/airflow/example_dags/example_branch_labels.py for tasks to queue
[2023-12-23T10:56:42.335+0000] {logging_mixin.py:188} INFO - [2023-12-23T10:56:42.334+0000] {dagbag.py:538} INFO - Filling up the DagBag from /home/airflow/.local/lib/python3.8/site-packages/airflow/example_dags/example_branch_labels.py
[2023-12-23T10:56:42.347+0000] {processor.py:840} INFO - DAG(s) 'example_branch_labels' retrieved from /home/airflow/.local/lib/python3.8/site-packages/airflow/example_dags/example_branch_labels.py
[2023-12-23T10:56:42.372+0000] {logging_mixin.py:188} INFO - [2023-12-23T10:56:42.372+0000] {dag.py:3033} INFO - Sync 1 DAGs
[2023-12-23T10:56:42.406+0000] {logging_mixin.py:188} INFO - [2023-12-23T10:56:42.406+0000] {dag.py:3820} INFO - Setting next_dagrun for example_branch_labels to 2023-12-22T00:00:00+00:00, run_after=2023-12-23T00:00:00+00:00
[2023-12-23T10:56:42.434+0000] {processor.py:183} INFO - Processing /home/airflow/.local/lib/python3.8/site-packages/airflow/example_dags/example_branch_labels.py took 0.110 seconds
[2023-12-23T10:57:13.493+0000] {processor.py:161} INFO - Started process (PID=101) to work on /home/airflow/.local/lib/python3.8/site-packages/airflow/example_dags/example_branch_labels.py
[2023-12-23T10:57:13.494+0000] {processor.py:830} INFO - Processing file /home/airflow/.local/lib/python3.8/site-packages/airflow/example_dags/example_branch_labels.py for tasks to queue
[2023-12-23T10:57:13.496+0000] {logging_mixin.py:188} INFO - [2023-12-23T10:57:13.496+0000] {dagbag.py:538} INFO - Filling up the DagBag from /home/airflow/.local/lib/python3.8/site-packages/airflow/example_dags/example_branch_labels.py
[2023-12-23T10:57:13.506+0000] {processor.py:840} INFO - DAG(s) 'example_branch_labels' retrieved from /home/airflow/.local/lib/python3.8/site-packages/airflow/example_dags/example_branch_labels.py
[2023-12-23T10:57:13.627+0000] {logging_mixin.py:188} INFO - [2023-12-23T10:57:13.626+0000] {dag.py:3033} INFO - Sync 1 DAGs
[2023-12-23T10:57:13.653+0000] {logging_mixin.py:188} INFO - [2023-12-23T10:57:13.653+0000] {dag.py:3820} INFO - Setting next_dagrun for example_branch_labels to 2023-12-22T00:00:00+00:00, run_after=2023-12-23T00:00:00+00:00
[2023-12-23T10:57:13.682+0000] {processor.py:183} INFO - Processing /home/airflow/.local/lib/python3.8/site-packages/airflow/example_dags/example_branch_labels.py took 0.193 seconds
[2023-12-23T10:57:43.789+0000] {processor.py:161} INFO - Started process (PID=156) to work on /home/airflow/.local/lib/python3.8/site-packages/airflow/example_dags/example_branch_labels.py
[2023-12-23T10:57:43.791+0000] {processor.py:830} INFO - Processing file /home/airflow/.local/lib/python3.8/site-packages/airflow/example_dags/example_branch_labels.py for tasks to queue
[2023-12-23T10:57:43.794+0000] {logging_mixin.py:188} INFO - [2023-12-23T10:57:43.793+0000] {dagbag.py:538} INFO - Filling up the DagBag from /home/airflow/.local/lib/python3.8/site-packages/airflow/example_dags/example_branch_labels.py
[2023-12-23T10:57:43.804+0000] {processor.py:840} INFO - DAG(s) 'example_branch_labels' retrieved from /home/airflow/.local/lib/python3.8/site-packages/airflow/example_dags/example_branch_labels.py
[2023-12-23T10:57:43.834+0000] {logging_mixin.py:188} INFO - [2023-12-23T10:57:43.834+0000] {dag.py:3033} INFO - Sync 1 DAGs
[2023-12-23T10:57:43.864+0000] {logging_mixin.py:188} INFO - [2023-12-23T10:57:43.863+0000] {dag.py:3820} INFO - Setting next_dagrun for example_branch_labels to 2023-12-22T00:00:00+00:00, run_after=2023-12-23T00:00:00+00:00
[2023-12-23T10:57:43.889+0000] {processor.py:183} INFO - Processing /home/airflow/.local/lib/python3.8/site-packages/airflow/example_dags/example_branch_labels.py took 0.104 seconds
