[2023-12-23T10:56:42.761+0000] {processor.py:161} INFO - Started process (PID=49) to work on /home/airflow/.local/lib/python3.8/site-packages/airflow/example_dags/example_python_decorator.py
[2023-12-23T10:56:42.762+0000] {processor.py:830} INFO - Processing file /home/airflow/.local/lib/python3.8/site-packages/airflow/example_dags/example_python_decorator.py for tasks to queue
[2023-12-23T10:56:42.766+0000] {logging_mixin.py:188} INFO - [2023-12-23T10:56:42.766+0000] {dagbag.py:538} INFO - Filling up the DagBag from /home/airflow/.local/lib/python3.8/site-packages/airflow/example_dags/example_python_decorator.py
[2023-12-23T10:56:42.781+0000] {processor.py:840} INFO - DAG(s) 'example_python_decorator' retrieved from /home/airflow/.local/lib/python3.8/site-packages/airflow/example_dags/example_python_decorator.py
[2023-12-23T10:56:42.796+0000] {logging_mixin.py:188} INFO - [2023-12-23T10:56:42.795+0000] {dag.py:3033} INFO - Sync 1 DAGs
[2023-12-23T10:56:42.839+0000] {logging_mixin.py:188} INFO - [2023-12-23T10:56:42.838+0000] {dag.py:3820} INFO - Setting next_dagrun for example_python_decorator to None, run_after=None
[2023-12-23T10:56:42.886+0000] {processor.py:183} INFO - Processing /home/airflow/.local/lib/python3.8/site-packages/airflow/example_dags/example_python_decorator.py took 0.129 seconds
[2023-12-23T10:57:13.792+0000] {processor.py:161} INFO - Started process (PID=104) to work on /home/airflow/.local/lib/python3.8/site-packages/airflow/example_dags/example_python_decorator.py
[2023-12-23T10:57:13.793+0000] {processor.py:830} INFO - Processing file /home/airflow/.local/lib/python3.8/site-packages/airflow/example_dags/example_python_decorator.py for tasks to queue
[2023-12-23T10:57:13.798+0000] {logging_mixin.py:188} INFO - [2023-12-23T10:57:13.796+0000] {dagbag.py:538} INFO - Filling up the DagBag from /home/airflow/.local/lib/python3.8/site-packages/airflow/example_dags/example_python_decorator.py
[2023-12-23T10:57:13.812+0000] {processor.py:840} INFO - DAG(s) 'example_python_decorator' retrieved from /home/airflow/.local/lib/python3.8/site-packages/airflow/example_dags/example_python_decorator.py
[2023-12-23T10:57:13.984+0000] {logging_mixin.py:188} INFO - [2023-12-23T10:57:13.983+0000] {dag.py:3033} INFO - Sync 1 DAGs
[2023-12-23T10:57:13.998+0000] {logging_mixin.py:188} INFO - [2023-12-23T10:57:13.997+0000] {dag.py:3820} INFO - Setting next_dagrun for example_python_decorator to None, run_after=None
[2023-12-23T10:57:14.028+0000] {processor.py:183} INFO - Processing /home/airflow/.local/lib/python3.8/site-packages/airflow/example_dags/example_python_decorator.py took 0.243 seconds
[2023-12-23T10:57:44.954+0000] {processor.py:161} INFO - Started process (PID=159) to work on /home/airflow/.local/lib/python3.8/site-packages/airflow/example_dags/example_python_decorator.py
[2023-12-23T10:57:44.955+0000] {processor.py:830} INFO - Processing file /home/airflow/.local/lib/python3.8/site-packages/airflow/example_dags/example_python_decorator.py for tasks to queue
[2023-12-23T10:57:44.958+0000] {logging_mixin.py:188} INFO - [2023-12-23T10:57:44.958+0000] {dagbag.py:538} INFO - Filling up the DagBag from /home/airflow/.local/lib/python3.8/site-packages/airflow/example_dags/example_python_decorator.py
[2023-12-23T10:57:44.976+0000] {processor.py:840} INFO - DAG(s) 'example_python_decorator' retrieved from /home/airflow/.local/lib/python3.8/site-packages/airflow/example_dags/example_python_decorator.py
[2023-12-23T10:57:45.000+0000] {logging_mixin.py:188} INFO - [2023-12-23T10:57:45.000+0000] {dag.py:3033} INFO - Sync 1 DAGs
[2023-12-23T10:57:45.017+0000] {logging_mixin.py:188} INFO - [2023-12-23T10:57:45.017+0000] {dag.py:3820} INFO - Setting next_dagrun for example_python_decorator to None, run_after=None
[2023-12-23T10:57:45.042+0000] {processor.py:183} INFO - Processing /home/airflow/.local/lib/python3.8/site-packages/airflow/example_dags/example_python_decorator.py took 0.094 seconds
