[2023-12-23T10:56:44.290+0000] {processor.py:161} INFO - Started process (PID=61) to work on /home/airflow/.local/lib/python3.8/site-packages/airflow/example_dags/tutorial_taskflow_api.py
[2023-12-23T10:56:44.291+0000] {processor.py:830} INFO - Processing file /home/airflow/.local/lib/python3.8/site-packages/airflow/example_dags/tutorial_taskflow_api.py for tasks to queue
[2023-12-23T10:56:44.294+0000] {logging_mixin.py:188} INFO - [2023-12-23T10:56:44.294+0000] {dagbag.py:538} INFO - Filling up the DagBag from /home/airflow/.local/lib/python3.8/site-packages/airflow/example_dags/tutorial_taskflow_api.py
[2023-12-23T10:56:44.302+0000] {processor.py:840} INFO - DAG(s) 'tutorial_taskflow_api' retrieved from /home/airflow/.local/lib/python3.8/site-packages/airflow/example_dags/tutorial_taskflow_api.py
[2023-12-23T10:56:44.317+0000] {logging_mixin.py:188} INFO - [2023-12-23T10:56:44.317+0000] {dag.py:3033} INFO - Sync 1 DAGs
[2023-12-23T10:56:44.335+0000] {logging_mixin.py:188} INFO - [2023-12-23T10:56:44.335+0000] {dag.py:3820} INFO - Setting next_dagrun for tutorial_taskflow_api to None, run_after=None
[2023-12-23T10:56:44.381+0000] {processor.py:183} INFO - Processing /home/airflow/.local/lib/python3.8/site-packages/airflow/example_dags/tutorial_taskflow_api.py took 0.096 seconds
[2023-12-23T10:57:15.291+0000] {processor.py:161} INFO - Started process (PID=116) to work on /home/airflow/.local/lib/python3.8/site-packages/airflow/example_dags/tutorial_taskflow_api.py
[2023-12-23T10:57:15.293+0000] {processor.py:830} INFO - Processing file /home/airflow/.local/lib/python3.8/site-packages/airflow/example_dags/tutorial_taskflow_api.py for tasks to queue
[2023-12-23T10:57:15.296+0000] {logging_mixin.py:188} INFO - [2023-12-23T10:57:15.295+0000] {dagbag.py:538} INFO - Filling up the DagBag from /home/airflow/.local/lib/python3.8/site-packages/airflow/example_dags/tutorial_taskflow_api.py
[2023-12-23T10:57:15.303+0000] {processor.py:840} INFO - DAG(s) 'tutorial_taskflow_api' retrieved from /home/airflow/.local/lib/python3.8/site-packages/airflow/example_dags/tutorial_taskflow_api.py
[2023-12-23T10:57:15.424+0000] {logging_mixin.py:188} INFO - [2023-12-23T10:57:15.424+0000] {dag.py:3033} INFO - Sync 1 DAGs
[2023-12-23T10:57:15.440+0000] {logging_mixin.py:188} INFO - [2023-12-23T10:57:15.439+0000] {dag.py:3820} INFO - Setting next_dagrun for tutorial_taskflow_api to None, run_after=None
[2023-12-23T10:57:15.465+0000] {processor.py:183} INFO - Processing /home/airflow/.local/lib/python3.8/site-packages/airflow/example_dags/tutorial_taskflow_api.py took 0.177 seconds
[2023-12-23T10:57:45.848+0000] {processor.py:161} INFO - Started process (PID=171) to work on /home/airflow/.local/lib/python3.8/site-packages/airflow/example_dags/tutorial_taskflow_api.py
[2023-12-23T10:57:45.849+0000] {processor.py:830} INFO - Processing file /home/airflow/.local/lib/python3.8/site-packages/airflow/example_dags/tutorial_taskflow_api.py for tasks to queue
[2023-12-23T10:57:45.853+0000] {logging_mixin.py:188} INFO - [2023-12-23T10:57:45.852+0000] {dagbag.py:538} INFO - Filling up the DagBag from /home/airflow/.local/lib/python3.8/site-packages/airflow/example_dags/tutorial_taskflow_api.py
[2023-12-23T10:57:45.864+0000] {processor.py:840} INFO - DAG(s) 'tutorial_taskflow_api' retrieved from /home/airflow/.local/lib/python3.8/site-packages/airflow/example_dags/tutorial_taskflow_api.py
[2023-12-23T10:57:45.889+0000] {logging_mixin.py:188} INFO - [2023-12-23T10:57:45.889+0000] {dag.py:3033} INFO - Sync 1 DAGs
[2023-12-23T10:57:45.907+0000] {logging_mixin.py:188} INFO - [2023-12-23T10:57:45.907+0000] {dag.py:3820} INFO - Setting next_dagrun for tutorial_taskflow_api to None, run_after=None
[2023-12-23T10:57:45.935+0000] {processor.py:183} INFO - Processing /home/airflow/.local/lib/python3.8/site-packages/airflow/example_dags/tutorial_taskflow_api.py took 0.092 seconds
