[2023-12-23T11:54:31.055+0000] {taskinstance.py:1957} INFO - Dependencies all met for dep_context=non-requeueable deps ti=<TaskInstance: dag_to_dum_raw_data_to_postgres.create_postgres_table scheduled__2005-05-06T00:00:00+00:00 [queued]>
[2023-12-23T11:54:31.068+0000] {taskinstance.py:1957} INFO - Dependencies all met for dep_context=requeueable deps ti=<TaskInstance: dag_to_dum_raw_data_to_postgres.create_postgres_table scheduled__2005-05-06T00:00:00+00:00 [queued]>
[2023-12-23T11:54:31.069+0000] {taskinstance.py:2171} INFO - Starting attempt 1 of 6
[2023-12-23T11:54:31.106+0000] {taskinstance.py:2192} INFO - Executing <Task(PostgresOperator): create_postgres_table> on 2005-05-06 00:00:00+00:00
[2023-12-23T11:54:31.111+0000] {standard_task_runner.py:60} INFO - Started process 2513 to run task
[2023-12-23T11:54:31.118+0000] {standard_task_runner.py:87} INFO - Running: ['***', 'tasks', 'run', 'dag_to_dum_raw_data_to_postgres', 'create_postgres_table', 'scheduled__2005-05-06T00:00:00+00:00', '--job-id', '936', '--raw', '--subdir', 'DAGS_FOLDER/dump_raw_data_to_postgres.py', '--cfg-path', '/tmp/tmp7fczx059']
[2023-12-23T11:54:31.120+0000] {standard_task_runner.py:88} INFO - Job 936: Subtask create_postgres_table
[2023-12-23T11:54:31.192+0000] {task_command.py:423} INFO - Running <TaskInstance: dag_to_dum_raw_data_to_postgres.create_postgres_table scheduled__2005-05-06T00:00:00+00:00 [running]> on host 3d316bc74082
[2023-12-23T11:54:31.308+0000] {taskinstance.py:2481} INFO - Exporting env vars: AIRFLOW_CTX_DAG_OWNER='10 academy' AIRFLOW_CTX_DAG_ID='dag_to_dum_raw_data_to_postgres' AIRFLOW_CTX_TASK_ID='create_postgres_table' AIRFLOW_CTX_EXECUTION_DATE='2005-05-06T00:00:00+00:00' AIRFLOW_CTX_TRY_NUMBER='1' AIRFLOW_CTX_DAG_RUN_ID='scheduled__2005-05-06T00:00:00+00:00'
[2023-12-23T11:54:31.310+0000] {sql.py:276} INFO - Executing: create table if not exists raw_vehicle (
    track_id SERIAL PRIMARY KEY,
    type VARCHAR(255),
    traveled_d FLOAT,
    avg_speed FLOAT
)
[2023-12-23T11:54:31.320+0000] {base.py:83} INFO - Using connection ID 'week_two_dwh' for task execution.
[2023-12-23T11:54:31.334+0000] {base.py:83} INFO - Using connection ID 'week_two_dwh' for task execution.
[2023-12-23T11:54:31.345+0000] {sql.py:432} INFO - Running statement: create table if not exists raw_vehicle (
    track_id SERIAL PRIMARY KEY,
    type VARCHAR(255),
    traveled_d FLOAT,
    avg_speed FLOAT
), parameters: None
[2023-12-23T11:54:31.363+0000] {taskinstance.py:1138} INFO - Marking task as SUCCESS. dag_id=dag_to_dum_raw_data_to_postgres, task_id=create_postgres_table, execution_date=20050506T000000, start_date=20231223T115431, end_date=20231223T115431
[2023-12-23T11:54:31.417+0000] {local_task_job_runner.py:234} INFO - Task exited with return code 0
[2023-12-23T11:54:31.436+0000] {taskinstance.py:3281} INFO - 0 downstream tasks scheduled from follow-on schedule check
