[2023-12-23T12:12:01.678+0000] {taskinstance.py:1957} INFO - Dependencies all met for dep_context=non-requeueable deps ti=<TaskInstance: dag_to_dum_raw_data_to_postgres.create_raw_data_storing_tables manual__2023-12-23T12:06:58.397794+00:00 [queued]>
[2023-12-23T12:12:01.690+0000] {taskinstance.py:1957} INFO - Dependencies all met for dep_context=requeueable deps ti=<TaskInstance: dag_to_dum_raw_data_to_postgres.create_raw_data_storing_tables manual__2023-12-23T12:06:58.397794+00:00 [queued]>
[2023-12-23T12:12:01.691+0000] {taskinstance.py:2171} INFO - Starting attempt 2 of 6
[2023-12-23T12:12:01.710+0000] {taskinstance.py:2192} INFO - Executing <Task(PostgresOperator): create_raw_data_storing_tables> on 2023-12-23 12:06:58.397794+00:00
[2023-12-23T12:12:01.715+0000] {standard_task_runner.py:60} INFO - Started process 3301 to run task
[2023-12-23T12:12:01.722+0000] {standard_task_runner.py:87} INFO - Running: ['***', 'tasks', 'run', 'dag_to_dum_raw_data_to_postgres', 'create_raw_data_storing_tables', 'manual__2023-12-23T12:06:58.397794+00:00', '--job-id', '1205', '--raw', '--subdir', 'DAGS_FOLDER/dump_raw_data_to_postgres.py', '--cfg-path', '/tmp/tmpu37wctc4']
[2023-12-23T12:12:01.724+0000] {standard_task_runner.py:88} INFO - Job 1205: Subtask create_raw_data_storing_tables
[2023-12-23T12:12:01.786+0000] {task_command.py:423} INFO - Running <TaskInstance: dag_to_dum_raw_data_to_postgres.create_raw_data_storing_tables manual__2023-12-23T12:06:58.397794+00:00 [running]> on host 3d316bc74082
[2023-12-23T12:12:01.889+0000] {taskinstance.py:2481} INFO - Exporting env vars: AIRFLOW_CTX_DAG_OWNER='10 academy' AIRFLOW_CTX_DAG_ID='dag_to_dum_raw_data_to_postgres' AIRFLOW_CTX_TASK_ID='create_raw_data_storing_tables' AIRFLOW_CTX_EXECUTION_DATE='2023-12-23T12:06:58.397794+00:00' AIRFLOW_CTX_TRY_NUMBER='2' AIRFLOW_CTX_DAG_RUN_ID='manual__2023-12-23T12:06:58.397794+00:00'
[2023-12-23T12:12:01.891+0000] {sql.py:276} INFO - Executing: create table if not exists raw_vehicle (
    track_id SERIAL PRIMARY KEY,
    type VARCHAR(255),
    traveled_d FLOAT,
    avg_speed FLOAT
);
create table if not exists raw_vehicle_trajectory(
    id SERIAL PRIMARY KEY,
    lat FLOAT,
    lon FLOAT,
    speed FLOAT,
    lon_acc FLOAT,
    lat_acc FLOAT,
    time FLOAT,
    track_id INTEGER REFERENCEs raw_vehicle(track_id)
)
[2023-12-23T12:12:01.902+0000] {base.py:83} INFO - Using connection ID 'week_two_dwh' for task execution.
[2023-12-23T12:12:01.914+0000] {base.py:83} INFO - Using connection ID 'week_two_dwh' for task execution.
[2023-12-23T12:12:01.974+0000] {sql.py:432} INFO - Running statement: create table if not exists raw_vehicle (
    track_id SERIAL PRIMARY KEY,
    type VARCHAR(255),
    traveled_d FLOAT,
    avg_speed FLOAT
);
create table if not exists raw_vehicle_trajectory(
    id SERIAL PRIMARY KEY,
    lat FLOAT,
    lon FLOAT,
    speed FLOAT,
    lon_acc FLOAT,
    lat_acc FLOAT,
    time FLOAT,
    track_id INTEGER REFERENCEs raw_vehicle(track_id)
), parameters: None
[2023-12-23T12:12:01.996+0000] {taskinstance.py:1138} INFO - Marking task as SUCCESS. dag_id=dag_to_dum_raw_data_to_postgres, task_id=create_raw_data_storing_tables, execution_date=20231223T120658, start_date=20231223T121201, end_date=20231223T121201
[2023-12-23T12:12:02.056+0000] {local_task_job_runner.py:234} INFO - Task exited with return code 0
[2023-12-23T12:12:02.076+0000] {taskinstance.py:3281} INFO - 0 downstream tasks scheduled from follow-on schedule check
