[2023-12-20T06:20:03.715+0000] {taskinstance.py:1957} INFO - Dependencies all met for dep_context=non-requeueable deps ti=<TaskInstance: load_data.load_data_task_one scheduled__2023-12-20T06:14:00+00:00 [queued]>
[2023-12-20T06:20:03.727+0000] {taskinstance.py:1957} INFO - Dependencies all met for dep_context=requeueable deps ti=<TaskInstance: load_data.load_data_task_one scheduled__2023-12-20T06:14:00+00:00 [queued]>
[2023-12-20T06:20:03.728+0000] {taskinstance.py:2171} INFO - Starting attempt 2 of 2
[2023-12-20T06:20:03.760+0000] {taskinstance.py:2192} INFO - Executing <Task(PythonOperator): load_data_task_one> on 2023-12-20 06:14:00+00:00
[2023-12-20T06:20:03.766+0000] {standard_task_runner.py:60} INFO - Started process 894 to run task
[2023-12-20T06:20:03.770+0000] {standard_task_runner.py:87} INFO - Running: ['***', 'tasks', 'run', 'load_data', 'load_data_task_one', 'scheduled__2023-12-20T06:14:00+00:00', '--job-id', '452', '--raw', '--subdir', 'DAGS_FOLDER/load_data_dag.py', '--cfg-path', '/tmp/tmp_14sswr6']
[2023-12-20T06:20:03.775+0000] {standard_task_runner.py:88} INFO - Job 452: Subtask load_data_task_one
[2023-12-20T06:20:03.840+0000] {task_command.py:423} INFO - Running <TaskInstance: load_data.load_data_task_one scheduled__2023-12-20T06:14:00+00:00 [running]> on host adf250ae6131
[2023-12-20T06:20:04.119+0000] {taskinstance.py:2481} INFO - Exporting env vars: AIRFLOW_CTX_DAG_OWNER='Mickiyas' AIRFLOW_CTX_DAG_ID='load_data' AIRFLOW_CTX_TASK_ID='load_data_task_one' AIRFLOW_CTX_EXECUTION_DATE='2023-12-20T06:14:00+00:00' AIRFLOW_CTX_TRY_NUMBER='2' AIRFLOW_CTX_DAG_RUN_ID='scheduled__2023-12-20T06:14:00+00:00'
[2023-12-20T06:20:04.122+0000] {taskinstance.py:2699} ERROR - Task failed with exception
Traceback (most recent call last):
  File "/home/airflow/.local/lib/python3.8/site-packages/airflow/models/taskinstance.py", line 433, in _execute_task
    result = execute_callable(context=context, **execute_callable_kwargs)
  File "/home/airflow/.local/lib/python3.8/site-packages/airflow/operators/python.py", line 199, in execute
    return_value = self.execute_callable()
  File "/home/airflow/.local/lib/python3.8/site-packages/airflow/operators/python.py", line 216, in execute_callable
    return self.python_callable(*self.op_args, **self.op_kwargs)
  File "/opt/airflow/dags/load_data_dag.py", line 17, in load_data
    df = pd.read_csv(file_path)
  File "/home/airflow/.local/lib/python3.8/site-packages/pandas/io/parsers/readers.py", line 912, in read_csv
    return _read(filepath_or_buffer, kwds)
  File "/home/airflow/.local/lib/python3.8/site-packages/pandas/io/parsers/readers.py", line 577, in _read
    parser = TextFileReader(filepath_or_buffer, **kwds)
  File "/home/airflow/.local/lib/python3.8/site-packages/pandas/io/parsers/readers.py", line 1407, in __init__
    self._engine = self._make_engine(f, self.engine)
  File "/home/airflow/.local/lib/python3.8/site-packages/pandas/io/parsers/readers.py", line 1661, in _make_engine
    self.handles = get_handle(
  File "/home/airflow/.local/lib/python3.8/site-packages/pandas/io/common.py", line 859, in get_handle
    handle = open(
FileNotFoundError: [Errno 2] No such file or directory: '../raw-data/20181024_d1_0830_0900.csv'
[2023-12-20T06:20:04.137+0000] {taskinstance.py:1138} INFO - Marking task as FAILED. dag_id=load_data, task_id=load_data_task_one, execution_date=20231220T061400, start_date=20231220T062003, end_date=20231220T062004
[2023-12-20T06:20:04.153+0000] {standard_task_runner.py:107} ERROR - Failed to execute job 452 for task load_data_task_one ([Errno 2] No such file or directory: '../raw-data/20181024_d1_0830_0900.csv'; 894)
[2023-12-20T06:20:04.184+0000] {local_task_job_runner.py:234} INFO - Task exited with return code 1
[2023-12-20T06:20:04.203+0000] {taskinstance.py:3281} INFO - 0 downstream tasks scheduled from follow-on schedule check
