[2023-12-23T11:54:39.941+0000] {taskinstance.py:1957} INFO - Dependencies all met for dep_context=non-requeueable deps ti=<TaskInstance: dag_to_dum_raw_data_to_postgres.create_postgres_table scheduled__2005-05-22T00:00:00+00:00 [queued]>
[2023-12-23T11:54:39.956+0000] {taskinstance.py:1957} INFO - Dependencies all met for dep_context=requeueable deps ti=<TaskInstance: dag_to_dum_raw_data_to_postgres.create_postgres_table scheduled__2005-05-22T00:00:00+00:00 [queued]>
[2023-12-23T11:54:39.957+0000] {taskinstance.py:2171} INFO - Starting attempt 1 of 6
[2023-12-23T11:54:39.987+0000] {taskinstance.py:2192} INFO - Executing <Task(PostgresOperator): create_postgres_table> on 2005-05-22 00:00:00+00:00
[2023-12-23T11:54:39.995+0000] {standard_task_runner.py:60} INFO - Started process 2551 to run task
[2023-12-23T11:54:40.003+0000] {standard_task_runner.py:87} INFO - Running: ['***', 'tasks', 'run', 'dag_to_dum_raw_data_to_postgres', 'create_postgres_table', 'scheduled__2005-05-22T00:00:00+00:00', '--job-id', '952', '--raw', '--subdir', 'DAGS_FOLDER/dump_raw_data_to_postgres.py', '--cfg-path', '/tmp/tmp7u4yr2uq']
[2023-12-23T11:54:40.005+0000] {standard_task_runner.py:88} INFO - Job 952: Subtask create_postgres_table
[2023-12-23T11:54:40.076+0000] {task_command.py:423} INFO - Running <TaskInstance: dag_to_dum_raw_data_to_postgres.create_postgres_table scheduled__2005-05-22T00:00:00+00:00 [running]> on host 3d316bc74082
[2023-12-23T11:54:40.189+0000] {taskinstance.py:2481} INFO - Exporting env vars: AIRFLOW_CTX_DAG_OWNER='10 academy' AIRFLOW_CTX_DAG_ID='dag_to_dum_raw_data_to_postgres' AIRFLOW_CTX_TASK_ID='create_postgres_table' AIRFLOW_CTX_EXECUTION_DATE='2005-05-22T00:00:00+00:00' AIRFLOW_CTX_TRY_NUMBER='1' AIRFLOW_CTX_DAG_RUN_ID='scheduled__2005-05-22T00:00:00+00:00'
[2023-12-23T11:54:40.194+0000] {sql.py:276} INFO - Executing: create table if not exists raw_vehicle (
    track_id SERIAL PRIMARY KEY,
    type VARCHAR(255),
    traveled_d FLOAT,
    avg_speed FLOAT
)
[2023-12-23T11:54:40.205+0000] {base.py:83} INFO - Using connection ID 'week_two_dwh' for task execution.
[2023-12-23T11:54:40.218+0000] {base.py:83} INFO - Using connection ID 'week_two_dwh' for task execution.
[2023-12-23T11:54:40.238+0000] {sql.py:432} INFO - Running statement: create table if not exists raw_vehicle (
    track_id SERIAL PRIMARY KEY,
    type VARCHAR(255),
    traveled_d FLOAT,
    avg_speed FLOAT
), parameters: None
[2023-12-23T11:54:40.251+0000] {taskinstance.py:1138} INFO - Marking task as SUCCESS. dag_id=dag_to_dum_raw_data_to_postgres, task_id=create_postgres_table, execution_date=20050522T000000, start_date=20231223T115439, end_date=20231223T115440
[2023-12-23T11:54:40.296+0000] {local_task_job_runner.py:234} INFO - Task exited with return code 0
[2023-12-23T11:54:40.315+0000] {taskinstance.py:3281} INFO - 0 downstream tasks scheduled from follow-on schedule check
