[0m06:35:09.337234 [debug] [MainThread]: Sending event: {'category': 'dbt', 'action': 'invocation', 'label': 'start', 'context': [<snowplow_tracker.self_describing_json.SelfDescribingJson object at 0x7fe828fae290>, <snowplow_tracker.self_describing_json.SelfDescribingJson object at 0x7fe826ba55d0>, <snowplow_tracker.self_describing_json.SelfDescribingJson object at 0x7fe826ba5570>]}


============================== 06:35:09.340573 | f75a59fa-b686-4e22-99f9-736d891d0d64 ==============================
[0m06:35:09.340573 [info ] [MainThread]: Running with dbt=1.7.4
[0m06:35:09.341517 [debug] [MainThread]: running dbt with arguments {'printer_width': '80', 'indirect_selection': 'eager', 'log_cache_events': 'False', 'write_json': 'True', 'partial_parse': 'True', 'cache_selected_only': 'False', 'warn_error': 'None', 'fail_fast': 'False', 'profiles_dir': '/home/ablaze/.dbt', 'log_path': 'logs', 'debug': 'False', 'version_check': 'True', 'use_colors': 'True', 'use_experimental_parser': 'False', 'no_print': 'None', 'quiet': 'False', 'log_format': 'default', 'static_parser': 'True', 'invocation_command': 'dbt init demo_dwh', 'warn_error_options': 'WarnErrorOptions(include=[], exclude=[])', 'target_path': 'None', 'introspect': 'True', 'send_anonymous_usage_stats': 'True'}
[0m06:35:09.342340 [warn ] [MainThread]: [ConfigFolderDirectory]: Unable to parse dict {'dir': PosixPath('/home/ablaze/.dbt')}
[0m06:35:09.342957 [info ] [MainThread]: Creating dbt configuration folder at 
[0m06:35:09.344244 [debug] [MainThread]: Starter project path: /home/ablaze/miniconda3/envs/week_2/lib/python3.10/site-packages/dbt/include/starter_project
[0m06:35:09.348445 [info ] [MainThread]: 
Your new dbt project "demo_dwh" was created!

For more information on how to configure the profiles.yml file,
please consult the dbt documentation here:

  https://docs.getdbt.com/docs/configure-your-profile

One more thing:

Need help? Don't hesitate to reach out to us via GitHub issues or on Slack:

  https://community.getdbt.com/

Happy modeling!

[0m06:35:09.349173 [info ] [MainThread]: Setting up your profile.
[0m06:36:26.452940 [info ] [MainThread]: Profile demo_dwh written to /home/ablaze/.dbt/profiles.yml using target's profile_template.yml and your supplied values. Run 'dbt debug' to validate the connection.
[0m06:36:26.456351 [debug] [MainThread]: Resource report: {"command_name": "init", "command_success": true, "command_wall_clock_time": 77.121864, "process_user_time": 2.251556, "process_kernel_time": 0.071858, "process_mem_max_rss": "98028", "process_in_blocks": "264", "process_out_blocks": "80"}
[0m06:36:26.458877 [debug] [MainThread]: Command `dbt init` succeeded at 06:36:26.458191 after 77.12 seconds
[0m06:36:26.460733 [debug] [MainThread]: Sending event: {'category': 'dbt', 'action': 'invocation', 'label': 'end', 'context': [<snowplow_tracker.self_describing_json.SelfDescribingJson object at 0x7fe828fae290>, <snowplow_tracker.self_describing_json.SelfDescribingJson object at 0x7fe826ba6410>, <snowplow_tracker.self_describing_json.SelfDescribingJson object at 0x7fe826ba56f0>]}
[0m06:36:26.462995 [debug] [MainThread]: Flushing usage events
[0m06:36:39.603764 [debug] [MainThread]: Sending event: {'category': 'dbt', 'action': 'invocation', 'label': 'start', 'context': [<snowplow_tracker.self_describing_json.SelfDescribingJson object at 0x7f80ed3ba350>, <snowplow_tracker.self_describing_json.SelfDescribingJson object at 0x7f80eb09aad0>, <snowplow_tracker.self_describing_json.SelfDescribingJson object at 0x7f80eb09aa40>]}


============================== 06:36:39.606656 | d0d97d16-27a1-447e-b393-f4077ff7c9d4 ==============================
[0m06:36:39.606656 [info ] [MainThread]: Running with dbt=1.7.4
[0m06:36:39.607616 [debug] [MainThread]: running dbt with arguments {'printer_width': '80', 'indirect_selection': 'eager', 'write_json': 'True', 'log_cache_events': 'False', 'partial_parse': 'True', 'cache_selected_only': 'False', 'profiles_dir': '/home/ablaze/.dbt', 'debug': 'False', 'fail_fast': 'False', 'log_path': 'logs', 'warn_error': 'None', 'version_check': 'True', 'use_colors': 'True', 'use_experimental_parser': 'False', 'no_print': 'None', 'quiet': 'False', 'warn_error_options': 'WarnErrorOptions(include=[], exclude=[])', 'invocation_command': 'dbt debug', 'static_parser': 'True', 'introspect': 'True', 'target_path': 'None', 'log_format': 'default', 'send_anonymous_usage_stats': 'True'}
[0m06:36:39.608543 [info ] [MainThread]: dbt version: 1.7.4
[0m06:36:39.609190 [info ] [MainThread]: python version: 3.10.13
[0m06:36:39.609794 [info ] [MainThread]: python path: /home/ablaze/miniconda3/envs/week_2/bin/python
[0m06:36:39.610392 [info ] [MainThread]: os info: Linux-6.5.6-76060506-generic-x86_64-with-glibc2.35
[0m06:36:39.706044 [info ] [MainThread]: Using profiles dir at /home/ablaze/.dbt
[0m06:36:39.706734 [info ] [MainThread]: Using profiles.yml file at /home/ablaze/.dbt/profiles.yml
[0m06:36:39.707489 [info ] [MainThread]: Using dbt_project.yml file at /home/ablaze/Desktop/10Academy/10xac-week2/dbt_project.yml
[0m06:36:39.708311 [info ] [MainThread]: adapter type: postgres
[0m06:36:39.708969 [info ] [MainThread]: adapter version: 1.7.4
[0m06:36:39.709596 [info ] [MainThread]: Configuration:
[0m06:36:39.710195 [info ] [MainThread]:   profiles.yml file [[32mOK found and valid[0m]
[0m06:36:39.710799 [info ] [MainThread]:   dbt_project.yml file [[31mERROR not found[0m]
[0m06:36:39.711403 [info ] [MainThread]: Required dependencies:
[0m06:36:39.712023 [debug] [MainThread]: Executing "git --help"
[0m06:36:39.714691 [debug] [MainThread]: STDOUT: "b"usage: git [--version] [--help] [-C <path>] [-c <name>=<value>]\n           [--exec-path[=<path>]] [--html-path] [--man-path] [--info-path]\n           [-p | --paginate | -P | --no-pager] [--no-replace-objects] [--bare]\n           [--git-dir=<path>] [--work-tree=<path>] [--namespace=<name>]\n           [--super-prefix=<path>] [--config-env=<name>=<envvar>]\n           <command> [<args>]\n\nThese are common Git commands used in various situations:\n\nstart a working area (see also: git help tutorial)\n   clone     Clone a repository into a new directory\n   init      Create an empty Git repository or reinitialize an existing one\n\nwork on the current change (see also: git help everyday)\n   add       Add file contents to the index\n   mv        Move or rename a file, a directory, or a symlink\n   restore   Restore working tree files\n   rm        Remove files from the working tree and from the index\n\nexamine the history and state (see also: git help revisions)\n   bisect    Use binary search to find the commit that introduced a bug\n   diff      Show changes between commits, commit and working tree, etc\n   grep      Print lines matching a pattern\n   log       Show commit logs\n   show      Show various types of objects\n   status    Show the working tree status\n\ngrow, mark and tweak your common history\n   branch    List, create, or delete branches\n   commit    Record changes to the repository\n   merge     Join two or more development histories together\n   rebase    Reapply commits on top of another base tip\n   reset     Reset current HEAD to the specified state\n   switch    Switch branches\n   tag       Create, list, delete or verify a tag object signed with GPG\n\ncollaborate (see also: git help workflows)\n   fetch     Download objects and refs from another repository\n   pull      Fetch from and integrate with another repository or a local branch\n   push      Update remote refs along with associated objects\n\n'git help -a' and 'git help -g' list available subcommands and some\nconcept guides. See 'git help <command>' or 'git help <concept>'\nto read about a specific subcommand or concept.\nSee 'git help git' for an overview of the system.\n""
[0m06:36:39.715413 [debug] [MainThread]: STDERR: "b''"
[0m06:36:39.715990 [info ] [MainThread]:  - git [[32mOK found[0m]

[0m06:36:39.716695 [info ] [MainThread]: Connection:
[0m06:36:39.717311 [info ] [MainThread]:   host: localhost
[0m06:36:39.717892 [info ] [MainThread]:   port: 5438
[0m06:36:39.718468 [info ] [MainThread]:   user: airflow
[0m06:36:39.719050 [info ] [MainThread]:   database: airflow
[0m06:36:39.719645 [info ] [MainThread]:   schema: public
[0m06:36:39.720258 [info ] [MainThread]:   connect_timeout: 10
[0m06:36:39.720833 [info ] [MainThread]:   role: None
[0m06:36:39.721387 [info ] [MainThread]:   search_path: None
[0m06:36:39.721927 [info ] [MainThread]:   keepalives_idle: 0
[0m06:36:39.722472 [info ] [MainThread]:   sslmode: None
[0m06:36:39.723115 [info ] [MainThread]:   sslcert: None
[0m06:36:39.723865 [info ] [MainThread]:   sslkey: None
[0m06:36:39.724665 [info ] [MainThread]:   sslrootcert: None
[0m06:36:39.725413 [info ] [MainThread]:   application_name: dbt
[0m06:36:39.726143 [info ] [MainThread]:   retries: 1
[0m06:36:39.727084 [info ] [MainThread]: Registered adapter: postgres=1.7.4
[0m06:36:39.728239 [debug] [MainThread]: Acquiring new postgres connection 'debug'
[0m06:36:39.728923 [debug] [MainThread]: Using postgres connection "debug"
[0m06:36:39.729588 [debug] [MainThread]: On debug: select 1 as id
[0m06:36:39.730244 [debug] [MainThread]: Opening a new connection, currently in state init
[0m06:36:39.768801 [debug] [MainThread]: SQL status: SELECT 1 in 0.0 seconds
[0m06:36:39.770354 [debug] [MainThread]: On debug: Close
[0m06:36:39.771034 [info ] [MainThread]:   Connection test: [[32mOK connection ok[0m]

[0m06:36:39.771734 [info ] [MainThread]: [31m1 check failed:[0m
[0m06:36:39.772398 [info ] [MainThread]: Project loading failed for the following reason:
 project path </home/ablaze/Desktop/10Academy/10xac-week2/dbt_project.yml> not found

[0m06:36:39.773637 [debug] [MainThread]: Resource report: {"command_name": "debug", "command_wall_clock_time": 0.2170213, "process_user_time": 2.316725, "process_kernel_time": 0.096196, "process_mem_max_rss": "101492", "process_in_blocks": "3184", "process_out_blocks": "24", "command_success": false}
[0m06:36:39.774735 [debug] [MainThread]: Command `dbt debug` failed at 06:36:39.774483 after 0.22 seconds
[0m06:36:39.775419 [debug] [MainThread]: Connection 'debug' was properly closed.
[0m06:36:39.776084 [debug] [MainThread]: Sending event: {'category': 'dbt', 'action': 'invocation', 'label': 'end', 'context': [<snowplow_tracker.self_describing_json.SelfDescribingJson object at 0x7f80ed3ba350>, <snowplow_tracker.self_describing_json.SelfDescribingJson object at 0x7f80eade3cd0>, <snowplow_tracker.self_describing_json.SelfDescribingJson object at 0x7f80eade3e80>]}
[0m06:36:39.776788 [debug] [MainThread]: Flushing usage events
