[2023-12-23T11:53:20.696+0000] {taskinstance.py:1957} INFO - Dependencies all met for dep_context=non-requeueable deps ti=<TaskInstance: dag_to_dum_raw_data_to_postgres.create_postgres_table scheduled__2005-01-24T00:00:00+00:00 [queued]>
[2023-12-23T11:53:20.745+0000] {taskinstance.py:1957} INFO - Dependencies all met for dep_context=requeueable deps ti=<TaskInstance: dag_to_dum_raw_data_to_postgres.create_postgres_table scheduled__2005-01-24T00:00:00+00:00 [queued]>
[2023-12-23T11:53:20.751+0000] {taskinstance.py:2171} INFO - Starting attempt 1 of 6
[2023-12-23T11:53:20.795+0000] {taskinstance.py:2192} INFO - Executing <Task(PostgresOperator): create_postgres_table> on 2005-01-24 00:00:00+00:00
[2023-12-23T11:53:20.818+0000] {standard_task_runner.py:60} INFO - Started process 2296 to run task
[2023-12-23T11:53:20.833+0000] {standard_task_runner.py:87} INFO - Running: ['***', 'tasks', 'run', 'dag_to_dum_raw_data_to_postgres', 'create_postgres_table', 'scheduled__2005-01-24T00:00:00+00:00', '--job-id', '834', '--raw', '--subdir', 'DAGS_FOLDER/dump_raw_data_to_postgres.py', '--cfg-path', '/tmp/tmpjs0vvfl6']
[2023-12-23T11:53:20.863+0000] {standard_task_runner.py:88} INFO - Job 834: Subtask create_postgres_table
[2023-12-23T11:53:20.987+0000] {task_command.py:423} INFO - Running <TaskInstance: dag_to_dum_raw_data_to_postgres.create_postgres_table scheduled__2005-01-24T00:00:00+00:00 [running]> on host 3d316bc74082
[2023-12-23T11:53:21.182+0000] {taskinstance.py:2481} INFO - Exporting env vars: AIRFLOW_CTX_DAG_OWNER='10 academy' AIRFLOW_CTX_DAG_ID='dag_to_dum_raw_data_to_postgres' AIRFLOW_CTX_TASK_ID='create_postgres_table' AIRFLOW_CTX_EXECUTION_DATE='2005-01-24T00:00:00+00:00' AIRFLOW_CTX_TRY_NUMBER='1' AIRFLOW_CTX_DAG_RUN_ID='scheduled__2005-01-24T00:00:00+00:00'
[2023-12-23T11:53:21.188+0000] {sql.py:276} INFO - Executing: create table if not exists raw_vehicle (
    track_id SERIAL PRIMARY KEY,
    type VARCHAR(255),
    traveled_d FLOAT,
    avg_speed FLOAT
)
[2023-12-23T11:53:21.212+0000] {base.py:83} INFO - Using connection ID 'week_two_dwh' for task execution.
[2023-12-23T11:53:21.238+0000] {base.py:83} INFO - Using connection ID 'week_two_dwh' for task execution.
[2023-12-23T11:53:21.255+0000] {sql.py:432} INFO - Running statement: create table if not exists raw_vehicle (
    track_id SERIAL PRIMARY KEY,
    type VARCHAR(255),
    traveled_d FLOAT,
    avg_speed FLOAT
), parameters: None
[2023-12-23T11:53:21.292+0000] {taskinstance.py:1138} INFO - Marking task as SUCCESS. dag_id=dag_to_dum_raw_data_to_postgres, task_id=create_postgres_table, execution_date=20050124T000000, start_date=20231223T115320, end_date=20231223T115321
[2023-12-23T11:53:21.343+0000] {local_task_job_runner.py:234} INFO - Task exited with return code 0
[2023-12-23T11:53:21.370+0000] {taskinstance.py:3281} INFO - 0 downstream tasks scheduled from follow-on schedule check
