[0m16:49:42.708891 [debug] [MainThread]: Sending event: {'category': 'dbt', 'action': 'invocation', 'label': 'start', 'context': [<snowplow_tracker.self_describing_json.SelfDescribingJson object at 0x7f6cff766fe0>, <snowplow_tracker.self_describing_json.SelfDescribingJson object at 0x7f6cfd4dda20>, <snowplow_tracker.self_describing_json.SelfDescribingJson object at 0x7f6cfd4dd9c0>]}


============================== 16:49:42.712504 | ae04c633-d58e-44a3-b6d9-4275bf95bca6 ==============================
[0m16:49:42.712504 [info ] [MainThread]: Running with dbt=1.7.4
[0m16:49:42.713509 [debug] [MainThread]: running dbt with arguments {'printer_width': '80', 'indirect_selection': 'eager', 'write_json': 'True', 'log_cache_events': 'False', 'partial_parse': 'True', 'cache_selected_only': 'False', 'profiles_dir': '/home/ablaze/.dbt', 'debug': 'False', 'version_check': 'True', 'log_path': 'logs', 'warn_error': 'None', 'fail_fast': 'False', 'use_colors': 'True', 'use_experimental_parser': 'False', 'no_print': 'None', 'quiet': 'False', 'warn_error_options': 'WarnErrorOptions(include=[], exclude=[])', 'static_parser': 'True', 'invocation_command': 'dbt run', 'introspect': 'True', 'target_path': 'None', 'log_format': 'default', 'send_anonymous_usage_stats': 'True'}
[0m16:49:42.714259 [error] [MainThread]: Encountered an error:
Runtime Error
  No dbt_project.yml found at expected path /home/ablaze/Desktop/10Academy/10xac-week2/dbt_project.yml
  Verify that each entry within packages.yml (and their transitive dependencies) contains a file named dbt_project.yml
  
[0m16:49:42.722198 [debug] [MainThread]: Resource report: {"command_name": "run", "command_wall_clock_time": 0.09600623, "process_user_time": 2.872484, "process_kernel_time": 0.072618, "process_mem_max_rss": "95984", "process_in_blocks": "128", "process_out_blocks": "8", "command_success": false}
[0m16:49:42.723543 [debug] [MainThread]: Command `dbt run` failed at 16:49:42.723263 after 0.10 seconds
[0m16:49:42.724872 [debug] [MainThread]: Sending event: {'category': 'dbt', 'action': 'invocation', 'label': 'end', 'context': [<snowplow_tracker.self_describing_json.SelfDescribingJson object at 0x7f6cff766fe0>, <snowplow_tracker.self_describing_json.SelfDescribingJson object at 0x7f6cfd4ddab0>, <snowplow_tracker.self_describing_json.SelfDescribingJson object at 0x7f6cfd4dd9f0>]}
[0m16:49:42.727170 [debug] [MainThread]: Flushing usage events
[0m17:15:21.503437 [debug] [MainThread]: Sending event: {'category': 'dbt', 'action': 'invocation', 'label': 'start', 'context': [<snowplow_tracker.self_describing_json.SelfDescribingJson object at 0x7f8f7fb82fe0>, <snowplow_tracker.self_describing_json.SelfDescribingJson object at 0x7f8f7d919a20>, <snowplow_tracker.self_describing_json.SelfDescribingJson object at 0x7f8f7d9199c0>]}


============================== 17:15:21.506262 | 2131fae6-5a8a-476f-80c5-fff6f880180e ==============================
[0m17:15:21.506262 [info ] [MainThread]: Running with dbt=1.7.4
[0m17:15:21.507100 [debug] [MainThread]: running dbt with arguments {'printer_width': '80', 'indirect_selection': 'eager', 'write_json': 'True', 'log_cache_events': 'False', 'partial_parse': 'True', 'cache_selected_only': 'False', 'warn_error': 'None', 'debug': 'False', 'profiles_dir': '/home/ablaze/.dbt', 'log_path': 'logs', 'version_check': 'True', 'fail_fast': 'False', 'use_colors': 'True', 'use_experimental_parser': 'False', 'no_print': 'None', 'quiet': 'False', 'warn_error_options': 'WarnErrorOptions(include=[], exclude=[])', 'introspect': 'True', 'invocation_command': 'dbt run', 'static_parser': 'True', 'target_path': 'None', 'log_format': 'default', 'send_anonymous_usage_stats': 'True'}
[0m17:15:21.507743 [error] [MainThread]: Encountered an error:
Runtime Error
  No dbt_project.yml found at expected path /home/ablaze/Desktop/10Academy/10xac-week2/dbt_project.yml
  Verify that each entry within packages.yml (and their transitive dependencies) contains a file named dbt_project.yml
  
[0m17:15:21.509348 [debug] [MainThread]: Resource report: {"command_name": "run", "command_wall_clock_time": 0.05553648, "process_user_time": 2.141197, "process_kernel_time": 0.095874, "process_mem_max_rss": "96096", "process_in_blocks": "56", "process_out_blocks": "8", "command_success": false}
[0m17:15:21.510022 [debug] [MainThread]: Command `dbt run` failed at 17:15:21.509862 after 0.06 seconds
[0m17:15:21.510522 [debug] [MainThread]: Sending event: {'category': 'dbt', 'action': 'invocation', 'label': 'end', 'context': [<snowplow_tracker.self_describing_json.SelfDescribingJson object at 0x7f8f7fb82fe0>, <snowplow_tracker.self_describing_json.SelfDescribingJson object at 0x7f8f7d919ab0>, <snowplow_tracker.self_describing_json.SelfDescribingJson object at 0x7f8f7d9199f0>]}
[0m17:15:21.511027 [debug] [MainThread]: Flushing usage events
