[2023-12-23T12:10:16.810+0000] {taskinstance.py:1957} INFO - Dependencies all met for dep_context=non-requeueable deps ti=<TaskInstance: dag_to_dum_raw_data_to_postgres.create_raw_data_storing_tables scheduled__2023-12-22T00:00:00+00:00 [queued]>
[2023-12-23T12:10:16.825+0000] {taskinstance.py:1957} INFO - Dependencies all met for dep_context=requeueable deps ti=<TaskInstance: dag_to_dum_raw_data_to_postgres.create_raw_data_storing_tables scheduled__2023-12-22T00:00:00+00:00 [queued]>
[2023-12-23T12:10:16.826+0000] {taskinstance.py:2171} INFO - Starting attempt 2 of 6
[2023-12-23T12:10:16.855+0000] {taskinstance.py:2192} INFO - Executing <Task(PostgresOperator): create_raw_data_storing_tables> on 2023-12-22 00:00:00+00:00
[2023-12-23T12:10:16.863+0000] {standard_task_runner.py:60} INFO - Started process 3273 to run task
[2023-12-23T12:10:16.871+0000] {standard_task_runner.py:87} INFO - Running: ['***', 'tasks', 'run', 'dag_to_dum_raw_data_to_postgres', 'create_raw_data_storing_tables', 'scheduled__2023-12-22T00:00:00+00:00', '--job-id', '1203', '--raw', '--subdir', 'DAGS_FOLDER/dump_raw_data_to_postgres.py', '--cfg-path', '/tmp/tmplf576ob2']
[2023-12-23T12:10:16.873+0000] {standard_task_runner.py:88} INFO - Job 1203: Subtask create_raw_data_storing_tables
[2023-12-23T12:10:16.958+0000] {task_command.py:423} INFO - Running <TaskInstance: dag_to_dum_raw_data_to_postgres.create_raw_data_storing_tables scheduled__2023-12-22T00:00:00+00:00 [running]> on host 3d316bc74082
[2023-12-23T12:10:17.113+0000] {taskinstance.py:2481} INFO - Exporting env vars: AIRFLOW_CTX_DAG_OWNER='10 academy' AIRFLOW_CTX_DAG_ID='dag_to_dum_raw_data_to_postgres' AIRFLOW_CTX_TASK_ID='create_raw_data_storing_tables' AIRFLOW_CTX_EXECUTION_DATE='2023-12-22T00:00:00+00:00' AIRFLOW_CTX_TRY_NUMBER='2' AIRFLOW_CTX_DAG_RUN_ID='scheduled__2023-12-22T00:00:00+00:00'
[2023-12-23T12:10:17.120+0000] {sql.py:276} INFO - Executing: create table if not exists raw_vehicle (
    track_id SERIAL PRIMARY KEY,
    type VARCHAR(255),
    traveled_d FLOAT,
    avg_speed FLOAT
);
create table if not exists raw_vehicle_trajectory(
    id SERIAL PRIMARY KEY,
    lat FLOAT,
    lon FLOAT,
    speed FLOAT,
    lon_acc FLOAT,
    lat_acc FLOAT,
    time FLOAT,
    track_id INTEGER REFERENCEs raw_vehicle(track_id)
)
[2023-12-23T12:10:17.138+0000] {base.py:83} INFO - Using connection ID 'week_two_dwh' for task execution.
[2023-12-23T12:10:17.164+0000] {base.py:83} INFO - Using connection ID 'week_two_dwh' for task execution.
[2023-12-23T12:10:17.230+0000] {sql.py:432} INFO - Running statement: create table if not exists raw_vehicle (
    track_id SERIAL PRIMARY KEY,
    type VARCHAR(255),
    traveled_d FLOAT,
    avg_speed FLOAT
);
create table if not exists raw_vehicle_trajectory(
    id SERIAL PRIMARY KEY,
    lat FLOAT,
    lon FLOAT,
    speed FLOAT,
    lon_acc FLOAT,
    lat_acc FLOAT,
    time FLOAT,
    track_id INTEGER REFERENCEs raw_vehicle(track_id)
), parameters: None
[2023-12-23T12:10:17.328+0000] {taskinstance.py:1138} INFO - Marking task as SUCCESS. dag_id=dag_to_dum_raw_data_to_postgres, task_id=create_raw_data_storing_tables, execution_date=20231222T000000, start_date=20231223T121016, end_date=20231223T121017
[2023-12-23T12:10:17.414+0000] {local_task_job_runner.py:234} INFO - Task exited with return code 0
[2023-12-23T12:10:17.540+0000] {taskinstance.py:3281} INFO - 0 downstream tasks scheduled from follow-on schedule check
